
>>> Train Epoch: [1 / 100]
[train-1] step: [1000 / 1106] | loss = 3.96261 | MRR = 0.40810 | TOP1 = 0.29195 | TOP5 = 0.53383 | TOP10 = 0.63850 | NDCG1 = 0.29195 | NDCG5 = 0.41942 | NDCG10 = 0.45331
Training Epoch 1 -- Loss: 3.92137 | MRR = 0.42415 | TOP1 = 0.30767 | TOP5 = 0.55153 | TOP10 = 0.65442 | NDCG1 = 0.30767 | NDCG5 = 0.43641 | NDCG10 = 0.46973

>>> Dev Epoch: [1 / 100]
Validation Epoch 1 -- Loss: 3.04394 | MRR = 0.63295 | TOP1 = 0.52588 | TOP5 = 0.76000 | TOP10 = 0.83121 | NDCG1 = 0.52633 | NDCG5 = 0.65273 | NDCG10 = 0.67594
!!! Updated: 
MRR = 0.63295
TOP1 = 0.52588
TOP5 = 0.76000
TOP10 = 0.83121
NDCG1 = 0.52633
NDCG5 = 0.65273
NDCG10 = 0.67594


>>> Train Epoch: [2 / 100]
[train-2] step: [1000 / 1106] | loss = 3.30835 | MRR = 0.62632 | TOP1 = 0.50988 | TOP5 = 0.76654 | TOP10 = 0.84453 | NDCG1 = 0.50988 | NDCG5 = 0.64857 | NDCG10 = 0.67396
Training Epoch 2 -- Loss: 3.26430 | MRR = 0.62911 | TOP1 = 0.51321 | TOP5 = 0.76880 | TOP10 = 0.84644 | NDCG1 = 0.51321 | NDCG5 = 0.65132 | NDCG10 = 0.67658

>>> Dev Epoch: [2 / 100]
Validation Epoch 2 -- Loss: 2.73675 | MRR = 0.67913 | TOP1 = 0.57855 | TOP5 = 0.79832 | TOP10 = 0.86055 | NDCG1 = 0.57926 | NDCG5 = 0.69907 | NDCG10 = 0.71924
!!! Updated: 
MRR = 0.67913
TOP1 = 0.57855
TOP5 = 0.79832
TOP10 = 0.86055
NDCG1 = 0.57926
NDCG5 = 0.69907
NDCG10 = 0.71924


>>> Train Epoch: [3 / 100]
[train-3] step: [1000 / 1106] | loss = 3.30973 | MRR = 0.67562 | TOP1 = 0.56414 | TOP5 = 0.81187 | TOP10 = 0.88042 | NDCG1 = 0.56414 | NDCG5 = 0.69887 | NDCG10 = 0.72121
Training Epoch 3 -- Loss: 3.29510 | MRR = 0.67438 | TOP1 = 0.56291 | TOP5 = 0.81053 | TOP10 = 0.87954 | NDCG1 = 0.56291 | NDCG5 = 0.69753 | NDCG10 = 0.72002

>>> Dev Epoch: [3 / 100]
Validation Epoch 3 -- Loss: 3.10724 | MRR = 0.68181 | TOP1 = 0.58048 | TOP5 = 0.80200 | TOP10 = 0.86721 | NDCG1 = 0.58126 | NDCG5 = 0.70203 | NDCG10 = 0.72318
!!! Updated: 
MRR = 0.68181
TOP1 = 0.58048
TOP5 = 0.80200
TOP10 = 0.86721
NDCG1 = 0.58126
NDCG5 = 0.70203
NDCG10 = 0.72318


>>> Train Epoch: [4 / 100]
[train-4] step: [1000 / 1106] | loss = 3.41488 | MRR = 0.67804 | TOP1 = 0.56791 | TOP5 = 0.81291 | TOP10 = 0.88149 | NDCG1 = 0.56791 | NDCG5 = 0.70099 | NDCG10 = 0.72333
Training Epoch 4 -- Loss: 3.38132 | MRR = 0.67826 | TOP1 = 0.56821 | TOP5 = 0.81298 | TOP10 = 0.88129 | NDCG1 = 0.56821 | NDCG5 = 0.70120 | NDCG10 = 0.72345

>>> Dev Epoch: [4 / 100]
Validation Epoch 4 -- Loss: 3.06627 | MRR = 0.69221 | TOP1 = 0.59470 | TOP5 = 0.81157 | TOP10 = 0.87018 | NDCG1 = 0.59541 | NDCG5 = 0.71267 | NDCG10 = 0.73180
!!! Updated: 
MRR = 0.69221
TOP1 = 0.59470
TOP5 = 0.81157
TOP10 = 0.87018
NDCG1 = 0.59541
NDCG5 = 0.71267
NDCG10 = 0.73180


>>> Train Epoch: [5 / 100]
[train-5] step: [1000 / 1106] | loss = 3.23680 | MRR = 0.69484 | TOP1 = 0.58735 | TOP5 = 0.82687 | TOP10 = 0.89094 | NDCG1 = 0.58735 | NDCG5 = 0.71786 | NDCG10 = 0.73872
Training Epoch 5 -- Loss: 3.27001 | MRR = 0.69323 | TOP1 = 0.58553 | TOP5 = 0.82550 | TOP10 = 0.88978 | NDCG1 = 0.58553 | NDCG5 = 0.71625 | NDCG10 = 0.73718

>>> Dev Epoch: [5 / 100]
Validation Epoch 5 -- Loss: 3.20384 | MRR = 0.68771 | TOP1 = 0.59018 | TOP5 = 0.80595 | TOP10 = 0.86637 | NDCG1 = 0.59063 | NDCG5 = 0.70759 | NDCG10 = 0.72721

>>> Train Epoch: [6 / 100]
[train-6] step: [1000 / 1106] | loss = 3.35938 | MRR = 0.68101 | TOP1 = 0.57066 | TOP5 = 0.81673 | TOP10 = 0.88422 | NDCG1 = 0.57066 | NDCG5 = 0.70436 | NDCG10 = 0.72635
Training Epoch 6 -- Loss: 3.38371 | MRR = 0.68073 | TOP1 = 0.57039 | TOP5 = 0.81645 | TOP10 = 0.88398 | NDCG1 = 0.57039 | NDCG5 = 0.70407 | NDCG10 = 0.72608

>>> Dev Epoch: [6 / 100]
Validation Epoch 6 -- Loss: 3.24321 | MRR = 0.68637 | TOP1 = 0.58817 | TOP5 = 0.80575 | TOP10 = 0.86481 | NDCG1 = 0.58895 | NDCG5 = 0.70668 | NDCG10 = 0.72592

>>> Train Epoch: [7 / 100]
[train-7] step: [1000 / 1106] | loss = 5.97347 | MRR = 0.67897 | TOP1 = 0.56789 | TOP5 = 0.81525 | TOP10 = 0.88317 | NDCG1 = 0.56789 | NDCG5 = 0.70242 | NDCG10 = 0.72453
Training Epoch 7 -- Loss: 5.70824 | MRR = 0.67786 | TOP1 = 0.56670 | TOP5 = 0.81411 | TOP10 = 0.88226 | NDCG1 = 0.56670 | NDCG5 = 0.70125 | NDCG10 = 0.72344

>>> Dev Epoch: [7 / 100]
Validation Epoch 7 -- Loss: 3.08996 | MRR = 0.68170 | TOP1 = 0.58184 | TOP5 = 0.80155 | TOP10 = 0.86352 | NDCG1 = 0.58262 | NDCG5 = 0.70188 | NDCG10 = 0.72207

>>> Train Epoch: [8 / 100]
[train-8] step: [1000 / 1106] | loss = 2.90475 | MRR = 0.72863 | TOP1 = 0.62702 | TOP5 = 0.85421 | TOP10 = 0.91012 | NDCG1 = 0.62702 | NDCG5 = 0.75146 | NDCG10 = 0.76969
Training Epoch 8 -- Loss: 2.90565 | MRR = 0.73003 | TOP1 = 0.62877 | TOP5 = 0.85537 | TOP10 = 0.91085 | NDCG1 = 0.62877 | NDCG5 = 0.75287 | NDCG10 = 0.77096

>>> Dev Epoch: [8 / 100]
Validation Epoch 8 -- Loss: 2.96355 | MRR = 0.71992 | TOP1 = 0.62565 | TOP5 = 0.83380 | TOP10 = 0.88769 | NDCG1 = 0.62656 | NDCG5 = 0.74030 | NDCG10 = 0.75771
!!! Updated: 
MRR = 0.71992
TOP1 = 0.62565
TOP5 = 0.83380
TOP10 = 0.88769
NDCG1 = 0.62656
NDCG5 = 0.74030
NDCG10 = 0.75771


>>> Train Epoch: [9 / 100]
[train-9] step: [1000 / 1106] | loss = 3.02020 | MRR = 0.74784 | TOP1 = 0.65015 | TOP5 = 0.86912 | TOP10 = 0.92057 | NDCG1 = 0.65015 | NDCG5 = 0.77039 | NDCG10 = 0.78718
Training Epoch 9 -- Loss: 2.99861 | MRR = 0.74830 | TOP1 = 0.65072 | TOP5 = 0.86945 | TOP10 = 0.92073 | NDCG1 = 0.65072 | NDCG5 = 0.77084 | NDCG10 = 0.78758

>>> Dev Epoch: [9 / 100]
Validation Epoch 9 -- Loss: 2.88796 | MRR = 0.72760 | TOP1 = 0.63574 | TOP5 = 0.84103 | TOP10 = 0.88950 | NDCG1 = 0.63645 | NDCG5 = 0.74826 | NDCG10 = 0.76412
!!! Updated: 
MRR = 0.72760
TOP1 = 0.63574
TOP5 = 0.84103
TOP10 = 0.88950
NDCG1 = 0.63645
NDCG5 = 0.74826
NDCG10 = 0.76412


>>> Train Epoch: [10 / 100]
[train-10] step: [1000 / 1106] | loss = 3.03579 | MRR = 0.75783 | TOP1 = 0.66203 | TOP5 = 0.87702 | TOP10 = 0.92596 | NDCG1 = 0.66203 | NDCG5 = 0.78034 | NDCG10 = 0.79630
Training Epoch 10 -- Loss: 3.01300 | MRR = 0.75730 | TOP1 = 0.66140 | TOP5 = 0.87658 | TOP10 = 0.92563 | NDCG1 = 0.66140 | NDCG5 = 0.77980 | NDCG10 = 0.79580

>>> Dev Epoch: [10 / 100]
Validation Epoch 10 -- Loss: 2.97462 | MRR = 0.72622 | TOP1 = 0.63451 | TOP5 = 0.83780 | TOP10 = 0.89105 | NDCG1 = 0.63522 | NDCG5 = 0.74605 | NDCG10 = 0.76338

>>> Train Epoch: [11 / 100]
[train-11] step: [1000 / 1106] | loss = 2.79995 | MRR = 0.76340 | TOP1 = 0.66885 | TOP5 = 0.88115 | TOP10 = 0.92820 | NDCG1 = 0.66885 | NDCG5 = 0.78578 | NDCG10 = 0.80113
Training Epoch 11 -- Loss: 2.83209 | MRR = 0.76386 | TOP1 = 0.66959 | TOP5 = 0.88125 | TOP10 = 0.92824 | NDCG1 = 0.66959 | NDCG5 = 0.78615 | NDCG10 = 0.80148

>>> Dev Epoch: [11 / 100]
Validation Epoch 11 -- Loss: 3.05131 | MRR = 0.73268 | TOP1 = 0.64239 | TOP5 = 0.84123 | TOP10 = 0.89344 | NDCG1 = 0.64317 | NDCG5 = 0.75181 | NDCG10 = 0.76888
!!! Updated: 
MRR = 0.73268
TOP1 = 0.64239
TOP5 = 0.84123
TOP10 = 0.89344
NDCG1 = 0.64317
NDCG5 = 0.75181
NDCG10 = 0.76888


>>> Train Epoch: [12 / 100]
[train-12] step: [1000 / 1106] | loss = 2.77386 | MRR = 0.76958 | TOP1 = 0.67688 | TOP5 = 0.88516 | TOP10 = 0.93133 | NDCG1 = 0.67688 | NDCG5 = 0.79159 | NDCG10 = 0.80667
Training Epoch 12 -- Loss: 2.77334 | MRR = 0.76931 | TOP1 = 0.67657 | TOP5 = 0.88484 | TOP10 = 0.93117 | NDCG1 = 0.67657 | NDCG5 = 0.79129 | NDCG10 = 0.80643

>>> Dev Epoch: [12 / 100]
Validation Epoch 12 -- Loss: 2.92706 | MRR = 0.73183 | TOP1 = 0.64071 | TOP5 = 0.84284 | TOP10 = 0.89183 | NDCG1 = 0.64149 | NDCG5 = 0.75189 | NDCG10 = 0.76797

>>> Train Epoch: [13 / 100]
[train-13] step: [1000 / 1106] | loss = 2.79899 | MRR = 0.77300 | TOP1 = 0.68118 | TOP5 = 0.88729 | TOP10 = 0.93280 | NDCG1 = 0.68118 | NDCG5 = 0.79484 | NDCG10 = 0.80967
Training Epoch 13 -- Loss: 2.79024 | MRR = 0.77306 | TOP1 = 0.68123 | TOP5 = 0.88749 | TOP10 = 0.93292 | NDCG1 = 0.68123 | NDCG5 = 0.79494 | NDCG10 = 0.80976

>>> Dev Epoch: [13 / 100]
Validation Epoch 13 -- Loss: 3.10831 | MRR = 0.73387 | TOP1 = 0.64517 | TOP5 = 0.84323 | TOP10 = 0.89131 | NDCG1 = 0.64595 | NDCG5 = 0.75359 | NDCG10 = 0.76929
!!! Updated: 
MRR = 0.73387
TOP1 = 0.64517
TOP5 = 0.84323
TOP10 = 0.89131
NDCG1 = 0.64595
NDCG5 = 0.75359
NDCG10 = 0.76929


>>> Train Epoch: [14 / 100]
[train-14] step: [1000 / 1106] | loss = 2.79448 | MRR = 0.77605 | TOP1 = 0.68528 | TOP5 = 0.88953 | TOP10 = 0.93462 | NDCG1 = 0.68528 | NDCG5 = 0.79777 | NDCG10 = 0.81249
Training Epoch 14 -- Loss: 2.78636 | MRR = 0.77609 | TOP1 = 0.68542 | TOP5 = 0.88928 | TOP10 = 0.93424 | NDCG1 = 0.68542 | NDCG5 = 0.79774 | NDCG10 = 0.81241

>>> Dev Epoch: [14 / 100]
Validation Epoch 14 -- Loss: 2.89177 | MRR = 0.73663 | TOP1 = 0.64795 | TOP5 = 0.84452 | TOP10 = 0.89493 | NDCG1 = 0.64879 | NDCG5 = 0.75601 | NDCG10 = 0.77239
!!! Updated: 
MRR = 0.73663
TOP1 = 0.64795
TOP5 = 0.84452
TOP10 = 0.89493
NDCG1 = 0.64879
NDCG5 = 0.75601
NDCG10 = 0.77239


>>> Train Epoch: [15 / 100]
[train-15] step: [1000 / 1106] | loss = 2.79877 | MRR = 0.77964 | TOP1 = 0.68930 | TOP5 = 0.89209 | TOP10 = 0.93584 | NDCG1 = 0.68930 | NDCG5 = 0.80128 | NDCG10 = 0.81556
Training Epoch 15 -- Loss: 2.78789 | MRR = 0.77967 | TOP1 = 0.68933 | TOP5 = 0.89209 | TOP10 = 0.93587 | NDCG1 = 0.68933 | NDCG5 = 0.80130 | NDCG10 = 0.81559

>>> Dev Epoch: [15 / 100]
Validation Epoch 15 -- Loss: 2.86186 | MRR = 0.73647 | TOP1 = 0.64827 | TOP5 = 0.84220 | TOP10 = 0.89299 | NDCG1 = 0.64905 | NDCG5 = 0.75500 | NDCG10 = 0.77172

>>> Train Epoch: [16 / 100]
[train-16] step: [1000 / 1106] | loss = 2.78453 | MRR = 0.78252 | TOP1 = 0.69317 | TOP5 = 0.89342 | TOP10 = 0.93737 | NDCG1 = 0.69317 | NDCG5 = 0.80382 | NDCG10 = 0.81817
Training Epoch 16 -- Loss: 2.79885 | MRR = 0.78253 | TOP1 = 0.69305 | TOP5 = 0.89363 | TOP10 = 0.93750 | NDCG1 = 0.69305 | NDCG5 = 0.80389 | NDCG10 = 0.81821

>>> Dev Epoch: [16 / 100]
Validation Epoch 16 -- Loss: 4.05926 | MRR = 0.73685 | TOP1 = 0.64898 | TOP5 = 0.84575 | TOP10 = 0.89389 | NDCG1 = 0.64956 | NDCG5 = 0.75667 | NDCG10 = 0.77222
!!! Updated: 
MRR = 0.73685
TOP1 = 0.64898
TOP5 = 0.84575
TOP10 = 0.89389
NDCG1 = 0.64956
NDCG5 = 0.75667
NDCG10 = 0.77222


>>> Train Epoch: [17 / 100]
[train-17] step: [1000 / 1106] | loss = 2.79980 | MRR = 0.78451 | TOP1 = 0.69484 | TOP5 = 0.89622 | TOP10 = 0.93844 | NDCG1 = 0.69484 | NDCG5 = 0.80623 | NDCG10 = 0.82001
Training Epoch 17 -- Loss: 2.80182 | MRR = 0.78401 | TOP1 = 0.69429 | TOP5 = 0.89587 | TOP10 = 0.93810 | NDCG1 = 0.69429 | NDCG5 = 0.80575 | NDCG10 = 0.81954

>>> Dev Epoch: [17 / 100]
Validation Epoch 17 -- Loss: 2.89510 | MRR = 0.73566 | TOP1 = 0.64620 | TOP5 = 0.84478 | TOP10 = 0.89557 | NDCG1 = 0.64704 | NDCG5 = 0.75538 | NDCG10 = 0.77185

>>> Train Epoch: [18 / 100]
[train-18] step: [1000 / 1106] | loss = 2.70340 | MRR = 0.78570 | TOP1 = 0.69684 | TOP5 = 0.89616 | TOP10 = 0.93868 | NDCG1 = 0.69684 | NDCG5 = 0.80708 | NDCG10 = 0.82095
Training Epoch 18 -- Loss: 2.72484 | MRR = 0.78547 | TOP1 = 0.69669 | TOP5 = 0.89585 | TOP10 = 0.93850 | NDCG1 = 0.69669 | NDCG5 = 0.80682 | NDCG10 = 0.82073

>>> Dev Epoch: [18 / 100]
Validation Epoch 18 -- Loss: 2.91684 | MRR = 0.73882 | TOP1 = 0.65124 | TOP5 = 0.84588 | TOP10 = 0.89383 | NDCG1 = 0.65202 | NDCG5 = 0.75811 | NDCG10 = 0.77377
!!! Updated: 
MRR = 0.73882
TOP1 = 0.65124
TOP5 = 0.84588
TOP10 = 0.89383
NDCG1 = 0.65202
NDCG5 = 0.75811
NDCG10 = 0.77377


>>> Train Epoch: [19 / 100]
[train-19] step: [1000 / 1106] | loss = 2.78732 | MRR = 0.78696 | TOP1 = 0.69811 | TOP5 = 0.89750 | TOP10 = 0.94018 | NDCG1 = 0.69811 | NDCG5 = 0.80838 | NDCG10 = 0.82231
Training Epoch 19 -- Loss: 2.79553 | MRR = 0.78626 | TOP1 = 0.69716 | TOP5 = 0.89723 | TOP10 = 0.93999 | NDCG1 = 0.69716 | NDCG5 = 0.80777 | NDCG10 = 0.82173

>>> Dev Epoch: [19 / 100]
Validation Epoch 19 -- Loss: 2.93599 | MRR = 0.73687 | TOP1 = 0.64814 | TOP5 = 0.84439 | TOP10 = 0.89525 | NDCG1 = 0.64879 | NDCG5 = 0.75606 | NDCG10 = 0.77260

>>> Train Epoch: [20 / 100]
[train-20] step: [1000 / 1106] | loss = 2.71697 | MRR = 0.78817 | TOP1 = 0.69983 | TOP5 = 0.89839 | TOP10 = 0.94055 | NDCG1 = 0.69983 | NDCG5 = 0.80958 | NDCG10 = 0.82335
Training Epoch 20 -- Loss: 2.71091 | MRR = 0.78808 | TOP1 = 0.69959 | TOP5 = 0.89843 | TOP10 = 0.94067 | NDCG1 = 0.69959 | NDCG5 = 0.80952 | NDCG10 = 0.82332

>>> Dev Epoch: [20 / 100]
Validation Epoch 20 -- Loss: 2.89574 | MRR = 0.73655 | TOP1 = 0.64724 | TOP5 = 0.84485 | TOP10 = 0.89305 | NDCG1 = 0.64801 | NDCG5 = 0.75622 | NDCG10 = 0.77179

>>> Train Epoch: [21 / 100]
[train-21] step: [1000 / 1106] | loss = 2.81915 | MRR = 0.79073 | TOP1 = 0.70315 | TOP5 = 0.90033 | TOP10 = 0.94168 | NDCG1 = 0.70315 | NDCG5 = 0.81211 | NDCG10 = 0.82560
Training Epoch 21 -- Loss: 2.83029 | MRR = 0.79081 | TOP1 = 0.70308 | TOP5 = 0.90053 | TOP10 = 0.94202 | NDCG1 = 0.70308 | NDCG5 = 0.81222 | NDCG10 = 0.82575

>>> Dev Epoch: [21 / 100]
Validation Epoch 21 -- Loss: 3.35933 | MRR = 0.73837 | TOP1 = 0.64969 | TOP5 = 0.84659 | TOP10 = 0.89551 | NDCG1 = 0.65040 | NDCG5 = 0.75798 | NDCG10 = 0.77395

>>> Train Epoch: [22 / 100]
[train-22] step: [1000 / 1106] | loss = 2.60429 | MRR = 0.81274 | TOP1 = 0.73113 | TOP5 = 0.91429 | TOP10 = 0.95002 | NDCG1 = 0.73113 | NDCG5 = 0.83298 | NDCG10 = 0.84465
Training Epoch 22 -- Loss: 2.60127 | MRR = 0.81243 | TOP1 = 0.73095 | TOP5 = 0.91394 | TOP10 = 0.94986 | NDCG1 = 0.73095 | NDCG5 = 0.83262 | NDCG10 = 0.84436

>>> Dev Epoch: [22 / 100]
Validation Epoch 22 -- Loss: 2.79639 | MRR = 0.75246 | TOP1 = 0.66669 | TOP5 = 0.85913 | TOP10 = 0.90313 | NDCG1 = 0.66740 | NDCG5 = 0.77240 | NDCG10 = 0.78669
!!! Updated: 
MRR = 0.75246
TOP1 = 0.66669
TOP5 = 0.85913
TOP10 = 0.90313
NDCG1 = 0.66740
NDCG5 = 0.77240
NDCG10 = 0.78669


>>> Train Epoch: [23 / 100]
[train-23] step: [1000 / 1106] | loss = 2.55336 | MRR = 0.81821 | TOP1 = 0.73847 | TOP5 = 0.91741 | TOP10 = 0.95208 | NDCG1 = 0.73847 | NDCG5 = 0.83805 | NDCG10 = 0.84937
Training Epoch 23 -- Loss: 2.55216 | MRR = 0.81832 | TOP1 = 0.73858 | TOP5 = 0.91739 | TOP10 = 0.95222 | NDCG1 = 0.73858 | NDCG5 = 0.83812 | NDCG10 = 0.84949

>>> Dev Epoch: [23 / 100]
Validation Epoch 23 -- Loss: 2.80496 | MRR = 0.75546 | TOP1 = 0.67044 | TOP5 = 0.85893 | TOP10 = 0.90475 | NDCG1 = 0.67160 | NDCG5 = 0.77460 | NDCG10 = 0.78956
!!! Updated: 
MRR = 0.75546
TOP1 = 0.67044
TOP5 = 0.85893
TOP10 = 0.90475
NDCG1 = 0.67160
NDCG5 = 0.77460
NDCG10 = 0.78956


>>> Train Epoch: [24 / 100]
[train-24] step: [1000 / 1106] | loss = 2.51530 | MRR = 0.82142 | TOP1 = 0.74262 | TOP5 = 0.91977 | TOP10 = 0.95367 | NDCG1 = 0.74262 | NDCG5 = 0.84117 | NDCG10 = 0.85224
Training Epoch 24 -- Loss: 2.52464 | MRR = 0.82081 | TOP1 = 0.74179 | TOP5 = 0.91942 | TOP10 = 0.95347 | NDCG1 = 0.74179 | NDCG5 = 0.84062 | NDCG10 = 0.85173

>>> Dev Epoch: [24 / 100]
Validation Epoch 24 -- Loss: 2.79311 | MRR = 0.75642 | TOP1 = 0.67166 | TOP5 = 0.85880 | TOP10 = 0.90591 | NDCG1 = 0.67250 | NDCG5 = 0.77500 | NDCG10 = 0.79045
!!! Updated: 
MRR = 0.75642
TOP1 = 0.67166
TOP5 = 0.85880
TOP10 = 0.90591
NDCG1 = 0.67250
NDCG5 = 0.77500
NDCG10 = 0.79045


>>> Train Epoch: [25 / 100]
[train-25] step: [1000 / 1106] | loss = 2.50889 | MRR = 0.82506 | TOP1 = 0.74732 | TOP5 = 0.92167 | TOP10 = 0.95456 | NDCG1 = 0.74732 | NDCG5 = 0.84451 | NDCG10 = 0.85525
Training Epoch 25 -- Loss: 2.51918 | MRR = 0.82428 | TOP1 = 0.74632 | TOP5 = 0.92106 | TOP10 = 0.95410 | NDCG1 = 0.74632 | NDCG5 = 0.84375 | NDCG10 = 0.85454

>>> Dev Epoch: [25 / 100]
Validation Epoch 25 -- Loss: 3.37923 | MRR = 0.75723 | TOP1 = 0.67160 | TOP5 = 0.86094 | TOP10 = 0.90501 | NDCG1 = 0.67237 | NDCG5 = 0.77641 | NDCG10 = 0.79075
!!! Updated: 
MRR = 0.75723
TOP1 = 0.67160
TOP5 = 0.86094
TOP10 = 0.90501
NDCG1 = 0.67237
NDCG5 = 0.77641
NDCG10 = 0.79075


>>> Train Epoch: [26 / 100]
[train-26] step: [1000 / 1106] | loss = 2.51859 | MRR = 0.82644 | TOP1 = 0.74922 | TOP5 = 0.92273 | TOP10 = 0.95513 | NDCG1 = 0.74923 | NDCG5 = 0.84587 | NDCG10 = 0.85646
Training Epoch 26 -- Loss: 2.51554 | MRR = 0.82646 | TOP1 = 0.74924 | TOP5 = 0.92263 | TOP10 = 0.95511 | NDCG1 = 0.74924 | NDCG5 = 0.84586 | NDCG10 = 0.85647

>>> Dev Epoch: [26 / 100]
Validation Epoch 26 -- Loss: 2.79687 | MRR = 0.75534 | TOP1 = 0.66882 | TOP5 = 0.86100 | TOP10 = 0.90507 | NDCG1 = 0.66973 | NDCG5 = 0.77515 | NDCG10 = 0.78953

>>> Train Epoch: [27 / 100]
[train-27] step: [1000 / 1106] | loss = 2.47155 | MRR = 0.82892 | TOP1 = 0.75258 | TOP5 = 0.92419 | TOP10 = 0.95625 | NDCG1 = 0.75258 | NDCG5 = 0.84817 | NDCG10 = 0.85864
Training Epoch 27 -- Loss: 2.48939 | MRR = 0.82855 | TOP1 = 0.75205 | TOP5 = 0.92411 | TOP10 = 0.95612 | NDCG1 = 0.75205 | NDCG5 = 0.84787 | NDCG10 = 0.85832

>>> Dev Epoch: [27 / 100]
Validation Epoch 27 -- Loss: 2.79555 | MRR = 0.76081 | TOP1 = 0.67813 | TOP5 = 0.86126 | TOP10 = 0.90572 | NDCG1 = 0.67884 | NDCG5 = 0.77914 | NDCG10 = 0.79369
!!! Updated: 
MRR = 0.76081
TOP1 = 0.67813
TOP5 = 0.86126
TOP10 = 0.90572
NDCG1 = 0.67884
NDCG5 = 0.77914
NDCG10 = 0.79369


>>> Train Epoch: [28 / 100]
[train-28] step: [1000 / 1106] | loss = 2.48217 | MRR = 0.83082 | TOP1 = 0.75460 | TOP5 = 0.92562 | TOP10 = 0.95752 | NDCG1 = 0.75460 | NDCG5 = 0.85002 | NDCG10 = 0.86045
Training Epoch 28 -- Loss: 2.48076 | MRR = 0.83065 | TOP1 = 0.75444 | TOP5 = 0.92529 | TOP10 = 0.95746 | NDCG1 = 0.75444 | NDCG5 = 0.84978 | NDCG10 = 0.86029

>>> Dev Epoch: [28 / 100]
Validation Epoch 28 -- Loss: 2.80299 | MRR = 0.75963 | TOP1 = 0.67651 | TOP5 = 0.86120 | TOP10 = 0.90604 | NDCG1 = 0.67729 | NDCG5 = 0.77833 | NDCG10 = 0.79281

>>> Train Epoch: [29 / 100]
[train-29] step: [1000 / 1106] | loss = 2.47305 | MRR = 0.83292 | TOP1 = 0.75733 | TOP5 = 0.92749 | TOP10 = 0.95839 | NDCG1 = 0.75733 | NDCG5 = 0.85220 | NDCG10 = 0.86230
Training Epoch 29 -- Loss: 2.47961 | MRR = 0.83261 | TOP1 = 0.75688 | TOP5 = 0.92747 | TOP10 = 0.95828 | NDCG1 = 0.75688 | NDCG5 = 0.85197 | NDCG10 = 0.86204

>>> Dev Epoch: [29 / 100]
Validation Epoch 29 -- Loss: 2.95354 | MRR = 0.76270 | TOP1 = 0.67968 | TOP5 = 0.86242 | TOP10 = 0.90714 | NDCG1 = 0.68045 | NDCG5 = 0.78105 | NDCG10 = 0.79557
!!! Updated: 
MRR = 0.76270
TOP1 = 0.67968
TOP5 = 0.86242
TOP10 = 0.90714
NDCG1 = 0.68045
NDCG5 = 0.78105
NDCG10 = 0.79557


>>> Train Epoch: [30 / 100]
[train-30] step: [1000 / 1106] | loss = 2.48352 | MRR = 0.83388 | TOP1 = 0.75892 | TOP5 = 0.92688 | TOP10 = 0.95859 | NDCG1 = 0.75892 | NDCG5 = 0.85268 | NDCG10 = 0.86303
Training Epoch 30 -- Loss: 2.47954 | MRR = 0.83400 | TOP1 = 0.75903 | TOP5 = 0.92711 | TOP10 = 0.95856 | NDCG1 = 0.75903 | NDCG5 = 0.85286 | NDCG10 = 0.86313

>>> Dev Epoch: [30 / 100]
Validation Epoch 30 -- Loss: 2.75971 | MRR = 0.76178 | TOP1 = 0.68065 | TOP5 = 0.85913 | TOP10 = 0.90656 | NDCG1 = 0.68149 | NDCG5 = 0.77921 | NDCG10 = 0.79462

>>> Train Epoch: [31 / 100]
[train-31] step: [1000 / 1106] | loss = 2.43289 | MRR = 0.83646 | TOP1 = 0.76202 | TOP5 = 0.92864 | TOP10 = 0.95921 | NDCG1 = 0.76202 | NDCG5 = 0.85520 | NDCG10 = 0.86520
Training Epoch 31 -- Loss: 2.44156 | MRR = 0.83561 | TOP1 = 0.76100 | TOP5 = 0.92802 | TOP10 = 0.95871 | NDCG1 = 0.76100 | NDCG5 = 0.85438 | NDCG10 = 0.86441

>>> Dev Epoch: [31 / 100]
Validation Epoch 31 -- Loss: 2.73373 | MRR = 0.76502 | TOP1 = 0.68342 | TOP5 = 0.86372 | TOP10 = 0.90565 | NDCG1 = 0.68426 | NDCG5 = 0.78322 | NDCG10 = 0.79688
!!! Updated: 
MRR = 0.76502
TOP1 = 0.68342
TOP5 = 0.86372
TOP10 = 0.90565
NDCG1 = 0.68426
NDCG5 = 0.78322
NDCG10 = 0.79688


>>> Train Epoch: [32 / 100]
[train-32] step: [1000 / 1106] | loss = 2.45709 | MRR = 0.83644 | TOP1 = 0.76209 | TOP5 = 0.92909 | TOP10 = 0.95912 | NDCG1 = 0.76209 | NDCG5 = 0.85535 | NDCG10 = 0.86517
Training Epoch 32 -- Loss: 2.45206 | MRR = 0.83661 | TOP1 = 0.76235 | TOP5 = 0.92910 | TOP10 = 0.95928 | NDCG1 = 0.76236 | NDCG5 = 0.85547 | NDCG10 = 0.86533

>>> Dev Epoch: [32 / 100]
Validation Epoch 32 -- Loss: 2.74811 | MRR = 0.76380 | TOP1 = 0.68110 | TOP5 = 0.86320 | TOP10 = 0.90856 | NDCG1 = 0.68174 | NDCG5 = 0.78200 | NDCG10 = 0.79663

>>> Train Epoch: [33 / 100]
[train-33] step: [1000 / 1106] | loss = 2.43323 | MRR = 0.83963 | TOP1 = 0.76655 | TOP5 = 0.93041 | TOP10 = 0.96026 | NDCG1 = 0.76655 | NDCG5 = 0.85812 | NDCG10 = 0.86789
Training Epoch 33 -- Loss: 2.43405 | MRR = 0.83901 | TOP1 = 0.76573 | TOP5 = 0.93011 | TOP10 = 0.96023 | NDCG1 = 0.76573 | NDCG5 = 0.85756 | NDCG10 = 0.86741

>>> Dev Epoch: [33 / 100]
Validation Epoch 33 -- Loss: 2.73842 | MRR = 0.76382 | TOP1 = 0.68233 | TOP5 = 0.86352 | TOP10 = 0.90624 | NDCG1 = 0.68304 | NDCG5 = 0.78239 | NDCG10 = 0.79623

>>> Train Epoch: [34 / 100]
[train-34] step: [1000 / 1106] | loss = 2.43498 | MRR = 0.83964 | TOP1 = 0.76646 | TOP5 = 0.93079 | TOP10 = 0.96069 | NDCG1 = 0.76646 | NDCG5 = 0.85824 | NDCG10 = 0.86800
Training Epoch 34 -- Loss: 2.43301 | MRR = 0.83953 | TOP1 = 0.76631 | TOP5 = 0.93073 | TOP10 = 0.96055 | NDCG1 = 0.76631 | NDCG5 = 0.85815 | NDCG10 = 0.86788

>>> Dev Epoch: [34 / 100]
Validation Epoch 34 -- Loss: 2.72121 | MRR = 0.76531 | TOP1 = 0.68362 | TOP5 = 0.86449 | TOP10 = 0.90708 | NDCG1 = 0.68420 | NDCG5 = 0.78348 | NDCG10 = 0.79741
!!! Updated: 
MRR = 0.76531
TOP1 = 0.68362
TOP5 = 0.86449
TOP10 = 0.90708
NDCG1 = 0.68420
NDCG5 = 0.78348
NDCG10 = 0.79741


>>> Train Epoch: [35 / 100]
[train-35] step: [1000 / 1106] | loss = 2.44068 | MRR = 0.84107 | TOP1 = 0.76825 | TOP5 = 0.93184 | TOP10 = 0.96103 | NDCG1 = 0.76825 | NDCG5 = 0.85965 | NDCG10 = 0.86920
Training Epoch 35 -- Loss: 2.43997 | MRR = 0.84094 | TOP1 = 0.76803 | TOP5 = 0.93185 | TOP10 = 0.96114 | NDCG1 = 0.76803 | NDCG5 = 0.85956 | NDCG10 = 0.86913

>>> Dev Epoch: [35 / 100]
Validation Epoch 35 -- Loss: 2.74252 | MRR = 0.76542 | TOP1 = 0.68362 | TOP5 = 0.86533 | TOP10 = 0.90792 | NDCG1 = 0.68439 | NDCG5 = 0.78411 | NDCG10 = 0.79785
!!! Updated: 
MRR = 0.76542
TOP1 = 0.68362
TOP5 = 0.86533
TOP10 = 0.90792
NDCG1 = 0.68439
NDCG5 = 0.78411
NDCG10 = 0.79785


>>> Train Epoch: [36 / 100]
[train-36] step: [1000 / 1106] | loss = 2.42030 | MRR = 0.84317 | TOP1 = 0.77076 | TOP5 = 0.93353 | TOP10 = 0.96201 | NDCG1 = 0.77076 | NDCG5 = 0.86177 | NDCG10 = 0.87109
Training Epoch 36 -- Loss: 2.42386 | MRR = 0.84270 | TOP1 = 0.77020 | TOP5 = 0.93312 | TOP10 = 0.96178 | NDCG1 = 0.77020 | NDCG5 = 0.86129 | NDCG10 = 0.87066

>>> Dev Epoch: [36 / 100]
Validation Epoch 36 -- Loss: 2.72377 | MRR = 0.76438 | TOP1 = 0.68258 | TOP5 = 0.86468 | TOP10 = 0.90895 | NDCG1 = 0.68323 | NDCG5 = 0.78276 | NDCG10 = 0.79716

>>> Train Epoch: [37 / 100]
[train-37] step: [1000 / 1106] | loss = 2.42912 | MRR = 0.84318 | TOP1 = 0.77110 | TOP5 = 0.93303 | TOP10 = 0.96218 | NDCG1 = 0.77110 | NDCG5 = 0.86158 | NDCG10 = 0.87111
Training Epoch 37 -- Loss: 2.42741 | MRR = 0.84303 | TOP1 = 0.77112 | TOP5 = 0.93275 | TOP10 = 0.96193 | NDCG1 = 0.77112 | NDCG5 = 0.86138 | NDCG10 = 0.87092

>>> Dev Epoch: [37 / 100]
Validation Epoch 37 -- Loss: 2.73490 | MRR = 0.76371 | TOP1 = 0.68213 | TOP5 = 0.86372 | TOP10 = 0.90824 | NDCG1 = 0.68297 | NDCG5 = 0.78200 | NDCG10 = 0.79662

>>> Train Epoch: [38 / 100]
[train-38] step: [1000 / 1106] | loss = 2.40354 | MRR = 0.84421 | TOP1 = 0.77186 | TOP5 = 0.93388 | TOP10 = 0.96268 | NDCG1 = 0.77186 | NDCG5 = 0.86264 | NDCG10 = 0.87205
Training Epoch 38 -- Loss: 2.40158 | MRR = 0.84412 | TOP1 = 0.77181 | TOP5 = 0.93360 | TOP10 = 0.96260 | NDCG1 = 0.77181 | NDCG5 = 0.86247 | NDCG10 = 0.87195

>>> Dev Epoch: [38 / 100]
Validation Epoch 38 -- Loss: 2.72977 | MRR = 0.76374 | TOP1 = 0.68136 | TOP5 = 0.86462 | TOP10 = 0.90540 | NDCG1 = 0.68233 | NDCG5 = 0.78274 | NDCG10 = 0.79598

>>> Train Epoch: [39 / 100]
[train-39] step: [1000 / 1106] | loss = 2.35466 | MRR = 0.85497 | TOP1 = 0.78664 | TOP5 = 0.94000 | TOP10 = 0.96596 | NDCG1 = 0.78664 | NDCG5 = 0.87263 | NDCG10 = 0.88112
Training Epoch 39 -- Loss: 2.35147 | MRR = 0.85515 | TOP1 = 0.78684 | TOP5 = 0.94011 | TOP10 = 0.96607 | NDCG1 = 0.78684 | NDCG5 = 0.87280 | NDCG10 = 0.88129

>>> Dev Epoch: [39 / 100]
Validation Epoch 39 -- Loss: 2.75574 | MRR = 0.77084 | TOP1 = 0.68969 | TOP5 = 0.86966 | TOP10 = 0.91218 | NDCG1 = 0.69040 | NDCG5 = 0.78928 | NDCG10 = 0.80304
!!! Updated: 
MRR = 0.77084
TOP1 = 0.68969
TOP5 = 0.86966
TOP10 = 0.91218
NDCG1 = 0.69040
NDCG5 = 0.78928
NDCG10 = 0.80304


>>> Train Epoch: [40 / 100]
[train-40] step: [1000 / 1106] | loss = 2.33219 | MRR = 0.85783 | TOP1 = 0.79077 | TOP5 = 0.94101 | TOP10 = 0.96657 | NDCG1 = 0.79077 | NDCG5 = 0.87508 | NDCG10 = 0.88344
Training Epoch 40 -- Loss: 2.33874 | MRR = 0.85768 | TOP1 = 0.79045 | TOP5 = 0.94101 | TOP10 = 0.96664 | NDCG1 = 0.79045 | NDCG5 = 0.87497 | NDCG10 = 0.88335

>>> Dev Epoch: [40 / 100]
Validation Epoch 40 -- Loss: 2.69590 | MRR = 0.77252 | TOP1 = 0.69241 | TOP5 = 0.87063 | TOP10 = 0.91205 | NDCG1 = 0.69305 | NDCG5 = 0.79087 | NDCG10 = 0.80430
!!! Updated: 
MRR = 0.77252
TOP1 = 0.69241
TOP5 = 0.87063
TOP10 = 0.91205
NDCG1 = 0.69305
NDCG5 = 0.79087
NDCG10 = 0.80430


>>> Train Epoch: [41 / 100]
[train-41] step: [1000 / 1106] | loss = 2.32921 | MRR = 0.85869 | TOP1 = 0.79198 | TOP5 = 0.94175 | TOP10 = 0.96687 | NDCG1 = 0.79198 | NDCG5 = 0.87597 | NDCG10 = 0.88417
Training Epoch 41 -- Loss: 2.32973 | MRR = 0.85859 | TOP1 = 0.79193 | TOP5 = 0.94161 | TOP10 = 0.96671 | NDCG1 = 0.79193 | NDCG5 = 0.87586 | NDCG10 = 0.88405

>>> Dev Epoch: [41 / 100]
Validation Epoch 41 -- Loss: 2.67754 | MRR = 0.77256 | TOP1 = 0.69305 | TOP5 = 0.87031 | TOP10 = 0.91134 | NDCG1 = 0.69389 | NDCG5 = 0.79093 | NDCG10 = 0.80412
!!! Updated: 
MRR = 0.77256
TOP1 = 0.69305
TOP5 = 0.87031
TOP10 = 0.91134
NDCG1 = 0.69389
NDCG5 = 0.79093
NDCG10 = 0.80412


>>> Train Epoch: [42 / 100]
[train-42] step: [1000 / 1106] | loss = 2.32007 | MRR = 0.85995 | TOP1 = 0.79374 | TOP5 = 0.94222 | TOP10 = 0.96697 | NDCG1 = 0.79374 | NDCG5 = 0.87707 | NDCG10 = 0.88516
Training Epoch 42 -- Loss: 2.32041 | MRR = 0.85954 | TOP1 = 0.79318 | TOP5 = 0.94190 | TOP10 = 0.96689 | NDCG1 = 0.79318 | NDCG5 = 0.87665 | NDCG10 = 0.88482

>>> Dev Epoch: [42 / 100]
Validation Epoch 42 -- Loss: 2.68209 | MRR = 0.77276 | TOP1 = 0.69344 | TOP5 = 0.87024 | TOP10 = 0.91173 | NDCG1 = 0.69422 | NDCG5 = 0.79084 | NDCG10 = 0.80436
!!! Updated: 
MRR = 0.77276
TOP1 = 0.69344
TOP5 = 0.87024
TOP10 = 0.91173
NDCG1 = 0.69422
NDCG5 = 0.79084
NDCG10 = 0.80436


>>> Train Epoch: [43 / 100]
[train-43] step: [1000 / 1106] | loss = 2.31759 | MRR = 0.86067 | TOP1 = 0.79440 | TOP5 = 0.94279 | TOP10 = 0.96762 | NDCG1 = 0.79440 | NDCG5 = 0.87777 | NDCG10 = 0.88590
Training Epoch 43 -- Loss: 2.31526 | MRR = 0.86069 | TOP1 = 0.79439 | TOP5 = 0.94299 | TOP10 = 0.96769 | NDCG1 = 0.79439 | NDCG5 = 0.87785 | NDCG10 = 0.88593

>>> Dev Epoch: [43 / 100]
Validation Epoch 43 -- Loss: 2.68824 | MRR = 0.77269 | TOP1 = 0.69241 | TOP5 = 0.86992 | TOP10 = 0.91166 | NDCG1 = 0.69325 | NDCG5 = 0.79086 | NDCG10 = 0.80434

>>> Train Epoch: [44 / 100]
[train-44] step: [1000 / 1106] | loss = 2.31953 | MRR = 0.86210 | TOP1 = 0.79657 | TOP5 = 0.94353 | TOP10 = 0.96791 | NDCG1 = 0.79657 | NDCG5 = 0.87909 | NDCG10 = 0.88706
Training Epoch 44 -- Loss: 2.31832 | MRR = 0.86215 | TOP1 = 0.79669 | TOP5 = 0.94350 | TOP10 = 0.96787 | NDCG1 = 0.79669 | NDCG5 = 0.87912 | NDCG10 = 0.88708

>>> Dev Epoch: [44 / 100]
Validation Epoch 44 -- Loss: 2.72679 | MRR = 0.77334 | TOP1 = 0.69305 | TOP5 = 0.87186 | TOP10 = 0.91257 | NDCG1 = 0.69376 | NDCG5 = 0.79189 | NDCG10 = 0.80506
!!! Updated: 
MRR = 0.77334
TOP1 = 0.69305
TOP5 = 0.87186
TOP10 = 0.91257
NDCG1 = 0.69376
NDCG5 = 0.79189
NDCG10 = 0.80506


>>> Train Epoch: [45 / 100]
[train-45] step: [1000 / 1106] | loss = 2.30462 | MRR = 0.86291 | TOP1 = 0.79773 | TOP5 = 0.94381 | TOP10 = 0.96786 | NDCG1 = 0.79773 | NDCG5 = 0.87979 | NDCG10 = 0.88765
Training Epoch 45 -- Loss: 2.30424 | MRR = 0.86282 | TOP1 = 0.79763 | TOP5 = 0.94371 | TOP10 = 0.96782 | NDCG1 = 0.79763 | NDCG5 = 0.87969 | NDCG10 = 0.88757

>>> Dev Epoch: [45 / 100]
Validation Epoch 45 -- Loss: 2.68734 | MRR = 0.77511 | TOP1 = 0.69454 | TOP5 = 0.87418 | TOP10 = 0.91244 | NDCG1 = 0.69519 | NDCG5 = 0.79403 | NDCG10 = 0.80639
!!! Updated: 
MRR = 0.77511
TOP1 = 0.69454
TOP5 = 0.87418
TOP10 = 0.91244
NDCG1 = 0.69519
NDCG5 = 0.79403
NDCG10 = 0.80639


>>> Train Epoch: [46 / 100]
[train-46] step: [1000 / 1106] | loss = 2.30736 | MRR = 0.86353 | TOP1 = 0.79845 | TOP5 = 0.94418 | TOP10 = 0.96832 | NDCG1 = 0.79845 | NDCG5 = 0.88034 | NDCG10 = 0.88825
Training Epoch 46 -- Loss: 2.30666 | MRR = 0.86356 | TOP1 = 0.79851 | TOP5 = 0.94417 | TOP10 = 0.96837 | NDCG1 = 0.79851 | NDCG5 = 0.88036 | NDCG10 = 0.88829

>>> Dev Epoch: [46 / 100]
Validation Epoch 46 -- Loss: 2.74298 | MRR = 0.77437 | TOP1 = 0.69454 | TOP5 = 0.87147 | TOP10 = 0.91283 | NDCG1 = 0.69544 | NDCG5 = 0.79272 | NDCG10 = 0.80596

>>> Train Epoch: [47 / 100]
[train-47] step: [1000 / 1106] | loss = 2.29957 | MRR = 0.86381 | TOP1 = 0.79881 | TOP5 = 0.94431 | TOP10 = 0.96873 | NDCG1 = 0.79881 | NDCG5 = 0.88058 | NDCG10 = 0.88858
Training Epoch 47 -- Loss: 2.29878 | MRR = 0.86386 | TOP1 = 0.79893 | TOP5 = 0.94431 | TOP10 = 0.96882 | NDCG1 = 0.79893 | NDCG5 = 0.88061 | NDCG10 = 0.88863

>>> Dev Epoch: [47 / 100]
Validation Epoch 47 -- Loss: 2.68003 | MRR = 0.77483 | TOP1 = 0.69564 | TOP5 = 0.87063 | TOP10 = 0.91367 | NDCG1 = 0.69641 | NDCG5 = 0.79249 | NDCG10 = 0.80638

>>> Train Epoch: [48 / 100]
[train-48] step: [1000 / 1106] | loss = 2.29305 | MRR = 0.86538 | TOP1 = 0.80093 | TOP5 = 0.94525 | TOP10 = 0.96880 | NDCG1 = 0.80093 | NDCG5 = 0.88207 | NDCG10 = 0.88978
Training Epoch 48 -- Loss: 2.29565 | MRR = 0.86516 | TOP1 = 0.80057 | TOP5 = 0.94528 | TOP10 = 0.96880 | NDCG1 = 0.80057 | NDCG5 = 0.88192 | NDCG10 = 0.88961

>>> Dev Epoch: [48 / 100]
Validation Epoch 48 -- Loss: 2.69197 | MRR = 0.77244 | TOP1 = 0.69202 | TOP5 = 0.86960 | TOP10 = 0.91205 | NDCG1 = 0.69279 | NDCG5 = 0.79047 | NDCG10 = 0.80417

>>> Train Epoch: [49 / 100]
[train-49] step: [1000 / 1106] | loss = 2.27830 | MRR = 0.87097 | TOP1 = 0.80867 | TOP5 = 0.94799 | TOP10 = 0.97053 | NDCG1 = 0.80867 | NDCG5 = 0.88713 | NDCG10 = 0.89450
Training Epoch 49 -- Loss: 2.27765 | MRR = 0.87065 | TOP1 = 0.80833 | TOP5 = 0.94762 | TOP10 = 0.97046 | NDCG1 = 0.80833 | NDCG5 = 0.88676 | NDCG10 = 0.89423

>>> Dev Epoch: [49 / 100]
Validation Epoch 49 -- Loss: 2.65969 | MRR = 0.77727 | TOP1 = 0.69771 | TOP5 = 0.87270 | TOP10 = 0.91483 | NDCG1 = 0.69855 | NDCG5 = 0.79511 | NDCG10 = 0.80866
!!! Updated: 
MRR = 0.77727
TOP1 = 0.69771
TOP5 = 0.87270
TOP10 = 0.91483
NDCG1 = 0.69855
NDCG5 = 0.79511
NDCG10 = 0.80866


>>> Train Epoch: [50 / 100]
[train-50] step: [1000 / 1106] | loss = 2.26540 | MRR = 0.87094 | TOP1 = 0.80850 | TOP5 = 0.94809 | TOP10 = 0.97078 | NDCG1 = 0.80850 | NDCG5 = 0.88713 | NDCG10 = 0.89456
Training Epoch 50 -- Loss: 2.26303 | MRR = 0.87110 | TOP1 = 0.80867 | TOP5 = 0.94827 | TOP10 = 0.97086 | NDCG1 = 0.80867 | NDCG5 = 0.88730 | NDCG10 = 0.89470

>>> Dev Epoch: [50 / 100]
Validation Epoch 50 -- Loss: 2.65661 | MRR = 0.77657 | TOP1 = 0.69667 | TOP5 = 0.87276 | TOP10 = 0.91489 | NDCG1 = 0.69751 | NDCG5 = 0.79455 | NDCG10 = 0.80814

>>> Train Epoch: [51 / 100]
[train-51] step: [1000 / 1106] | loss = 2.25622 | MRR = 0.87221 | TOP1 = 0.81019 | TOP5 = 0.94887 | TOP10 = 0.97150 | NDCG1 = 0.81019 | NDCG5 = 0.88831 | NDCG10 = 0.89571
Training Epoch 51 -- Loss: 2.25715 | MRR = 0.87194 | TOP1 = 0.80996 | TOP5 = 0.94857 | TOP10 = 0.97106 | NDCG1 = 0.80996 | NDCG5 = 0.88803 | NDCG10 = 0.89539

>>> Dev Epoch: [51 / 100]
Validation Epoch 51 -- Loss: 2.66847 | MRR = 0.77645 | TOP1 = 0.69609 | TOP5 = 0.87418 | TOP10 = 0.91606 | NDCG1 = 0.69680 | NDCG5 = 0.79491 | NDCG10 = 0.80835

>>> Train Epoch: [52 / 100]
[train-52] step: [1000 / 1106] | loss = 2.25229 | MRR = 0.87273 | TOP1 = 0.81124 | TOP5 = 0.94895 | TOP10 = 0.97118 | NDCG1 = 0.81124 | NDCG5 = 0.88874 | NDCG10 = 0.89601
Training Epoch 52 -- Loss: 2.25268 | MRR = 0.87253 | TOP1 = 0.81085 | TOP5 = 0.94901 | TOP10 = 0.97123 | NDCG1 = 0.81085 | NDCG5 = 0.88860 | NDCG10 = 0.89588

>>> Dev Epoch: [52 / 100]
Validation Epoch 52 -- Loss: 2.65266 | MRR = 0.77816 | TOP1 = 0.69855 | TOP5 = 0.87405 | TOP10 = 0.91509 | NDCG1 = 0.69939 | NDCG5 = 0.79614 | NDCG10 = 0.80940
!!! Updated: 
MRR = 0.77816
TOP1 = 0.69855
TOP5 = 0.87405
TOP10 = 0.91509
NDCG1 = 0.69939
NDCG5 = 0.79614
NDCG10 = 0.80940


>>> Train Epoch: [53 / 100]
[train-53] step: [1000 / 1106] | loss = 2.24807 | MRR = 0.87320 | TOP1 = 0.81170 | TOP5 = 0.94945 | TOP10 = 0.97173 | NDCG1 = 0.81170 | NDCG5 = 0.88923 | NDCG10 = 0.89651
Training Epoch 53 -- Loss: 2.25123 | MRR = 0.87295 | TOP1 = 0.81136 | TOP5 = 0.94934 | TOP10 = 0.97160 | NDCG1 = 0.81136 | NDCG5 = 0.88902 | NDCG10 = 0.89629

>>> Dev Epoch: [53 / 100]
Validation Epoch 53 -- Loss: 2.65442 | MRR = 0.77773 | TOP1 = 0.69958 | TOP5 = 0.87341 | TOP10 = 0.91483 | NDCG1 = 0.70029 | NDCG5 = 0.79548 | NDCG10 = 0.80894

>>> Train Epoch: [54 / 100]
[train-54] step: [1000 / 1106] | loss = 2.25688 | MRR = 0.87380 | TOP1 = 0.81231 | TOP5 = 0.95005 | TOP10 = 0.97172 | NDCG1 = 0.81231 | NDCG5 = 0.88989 | NDCG10 = 0.89698
Training Epoch 54 -- Loss: 2.25683 | MRR = 0.87352 | TOP1 = 0.81202 | TOP5 = 0.94973 | TOP10 = 0.97158 | NDCG1 = 0.81202 | NDCG5 = 0.88958 | NDCG10 = 0.89672

>>> Dev Epoch: [54 / 100]
Validation Epoch 54 -- Loss: 2.65327 | MRR = 0.77802 | TOP1 = 0.69893 | TOP5 = 0.87612 | TOP10 = 0.91522 | NDCG1 = 0.69971 | NDCG5 = 0.79676 | NDCG10 = 0.80932

>>> Train Epoch: [55 / 100]
[train-55] step: [1000 / 1106] | loss = 2.24690 | MRR = 0.87373 | TOP1 = 0.81238 | TOP5 = 0.94982 | TOP10 = 0.97188 | NDCG1 = 0.81238 | NDCG5 = 0.88975 | NDCG10 = 0.89696
Training Epoch 55 -- Loss: 2.24517 | MRR = 0.87384 | TOP1 = 0.81254 | TOP5 = 0.94986 | TOP10 = 0.97194 | NDCG1 = 0.81254 | NDCG5 = 0.88984 | NDCG10 = 0.89706

>>> Dev Epoch: [55 / 100]
Validation Epoch 55 -- Loss: 2.64426 | MRR = 0.77868 | TOP1 = 0.69913 | TOP5 = 0.87502 | TOP10 = 0.91548 | NDCG1 = 0.69997 | NDCG5 = 0.79687 | NDCG10 = 0.80994
!!! Updated: 
MRR = 0.77868
TOP1 = 0.69913
TOP5 = 0.87502
TOP10 = 0.91548
NDCG1 = 0.69997
NDCG5 = 0.79687
NDCG10 = 0.80994


>>> Train Epoch: [56 / 100]
[train-56] step: [1000 / 1106] | loss = 2.24011 | MRR = 0.87547 | TOP1 = 0.81484 | TOP5 = 0.95050 | TOP10 = 0.97240 | NDCG1 = 0.81484 | NDCG5 = 0.89125 | NDCG10 = 0.89842
Training Epoch 56 -- Loss: 2.24139 | MRR = 0.87511 | TOP1 = 0.81436 | TOP5 = 0.95028 | TOP10 = 0.97224 | NDCG1 = 0.81436 | NDCG5 = 0.89092 | NDCG10 = 0.89810

>>> Dev Epoch: [56 / 100]
Validation Epoch 56 -- Loss: 2.66848 | MRR = 0.77745 | TOP1 = 0.69855 | TOP5 = 0.87418 | TOP10 = 0.91509 | NDCG1 = 0.69939 | NDCG5 = 0.79568 | NDCG10 = 0.80883

>>> Train Epoch: [57 / 100]
[train-57] step: [1000 / 1106] | loss = 2.24105 | MRR = 0.87475 | TOP1 = 0.81364 | TOP5 = 0.95023 | TOP10 = 0.97182 | NDCG1 = 0.81364 | NDCG5 = 0.89066 | NDCG10 = 0.89772
Training Epoch 57 -- Loss: 2.24765 | MRR = 0.87479 | TOP1 = 0.81369 | TOP5 = 0.95018 | TOP10 = 0.97185 | NDCG1 = 0.81369 | NDCG5 = 0.89067 | NDCG10 = 0.89776

>>> Dev Epoch: [57 / 100]
Validation Epoch 57 -- Loss: 2.64945 | MRR = 0.77863 | TOP1 = 0.70016 | TOP5 = 0.87405 | TOP10 = 0.91515 | NDCG1 = 0.70107 | NDCG5 = 0.79657 | NDCG10 = 0.80981

>>> Train Epoch: [58 / 100]
[train-58] step: [1000 / 1106] | loss = 2.24134 | MRR = 0.87578 | TOP1 = 0.81502 | TOP5 = 0.95111 | TOP10 = 0.97260 | NDCG1 = 0.81502 | NDCG5 = 0.89170 | NDCG10 = 0.89872
Training Epoch 58 -- Loss: 2.24172 | MRR = 0.87541 | TOP1 = 0.81455 | TOP5 = 0.95077 | TOP10 = 0.97240 | NDCG1 = 0.81455 | NDCG5 = 0.89132 | NDCG10 = 0.89838

>>> Dev Epoch: [58 / 100]
Validation Epoch 58 -- Loss: 2.65299 | MRR = 0.77682 | TOP1 = 0.69732 | TOP5 = 0.87276 | TOP10 = 0.91373 | NDCG1 = 0.69809 | NDCG5 = 0.79469 | NDCG10 = 0.80798

>>> Train Epoch: [59 / 100]
[train-59] step: [1000 / 1106] | loss = 2.22741 | MRR = 0.87745 | TOP1 = 0.81769 | TOP5 = 0.95155 | TOP10 = 0.97261 | NDCG1 = 0.81769 | NDCG5 = 0.89310 | NDCG10 = 0.89998
Training Epoch 59 -- Loss: 2.22607 | MRR = 0.87789 | TOP1 = 0.81820 | TOP5 = 0.95190 | TOP10 = 0.97289 | NDCG1 = 0.81820 | NDCG5 = 0.89353 | NDCG10 = 0.90039

>>> Dev Epoch: [59 / 100]
Validation Epoch 59 -- Loss: 2.64206 | MRR = 0.78030 | TOP1 = 0.70184 | TOP5 = 0.87457 | TOP10 = 0.91496 | NDCG1 = 0.70255 | NDCG5 = 0.79778 | NDCG10 = 0.81091
!!! Updated: 
MRR = 0.78030
TOP1 = 0.70184
TOP5 = 0.87457
TOP10 = 0.91496
NDCG1 = 0.70255
NDCG5 = 0.79778
NDCG10 = 0.81091


>>> Train Epoch: [60 / 100]
[train-60] step: [1000 / 1106] | loss = 2.22605 | MRR = 0.87874 | TOP1 = 0.81911 | TOP5 = 0.95256 | TOP10 = 0.97341 | NDCG1 = 0.81911 | NDCG5 = 0.89436 | NDCG10 = 0.90118
Training Epoch 60 -- Loss: 2.22521 | MRR = 0.87880 | TOP1 = 0.81929 | TOP5 = 0.95243 | TOP10 = 0.97324 | NDCG1 = 0.81929 | NDCG5 = 0.89438 | NDCG10 = 0.90118

>>> Dev Epoch: [60 / 100]
Validation Epoch 60 -- Loss: 2.64058 | MRR = 0.77958 | TOP1 = 0.70029 | TOP5 = 0.87586 | TOP10 = 0.91554 | NDCG1 = 0.70100 | NDCG5 = 0.79785 | NDCG10 = 0.81057

>>> Train Epoch: [61 / 100]
[train-61] step: [1000 / 1106] | loss = 2.22146 | MRR = 0.87938 | TOP1 = 0.82007 | TOP5 = 0.95237 | TOP10 = 0.97326 | NDCG1 = 0.82007 | NDCG5 = 0.89478 | NDCG10 = 0.90163
Training Epoch 61 -- Loss: 2.22192 | MRR = 0.87911 | TOP1 = 0.81975 | TOP5 = 0.95228 | TOP10 = 0.97304 | NDCG1 = 0.81975 | NDCG5 = 0.89457 | NDCG10 = 0.90137

>>> Dev Epoch: [61 / 100]
Validation Epoch 61 -- Loss: 2.63739 | MRR = 0.78045 | TOP1 = 0.70210 | TOP5 = 0.87599 | TOP10 = 0.91612 | NDCG1 = 0.70307 | NDCG5 = 0.79856 | NDCG10 = 0.81147
!!! Updated: 
MRR = 0.78045
TOP1 = 0.70210
TOP5 = 0.87599
TOP10 = 0.91612
NDCG1 = 0.70307
NDCG5 = 0.79856
NDCG10 = 0.81147


>>> Train Epoch: [62 / 100]
[train-62] step: [1000 / 1106] | loss = 2.22038 | MRR = 0.87940 | TOP1 = 0.81984 | TOP5 = 0.95307 | TOP10 = 0.97372 | NDCG1 = 0.81984 | NDCG5 = 0.89503 | NDCG10 = 0.90178
Training Epoch 62 -- Loss: 2.21891 | MRR = 0.87927 | TOP1 = 0.81969 | TOP5 = 0.95292 | TOP10 = 0.97364 | NDCG1 = 0.81969 | NDCG5 = 0.89488 | NDCG10 = 0.90166

>>> Dev Epoch: [62 / 100]
Validation Epoch 62 -- Loss: 2.64592 | MRR = 0.77972 | TOP1 = 0.70029 | TOP5 = 0.87645 | TOP10 = 0.91535 | NDCG1 = 0.70100 | NDCG5 = 0.79808 | NDCG10 = 0.81061

>>> Train Epoch: [63 / 100]
[train-63] step: [1000 / 1106] | loss = 2.22193 | MRR = 0.88001 | TOP1 = 0.82129 | TOP5 = 0.95245 | TOP10 = 0.97328 | NDCG1 = 0.82129 | NDCG5 = 0.89528 | NDCG10 = 0.90210
Training Epoch 63 -- Loss: 2.21958 | MRR = 0.88025 | TOP1 = 0.82154 | TOP5 = 0.95268 | TOP10 = 0.97348 | NDCG1 = 0.82154 | NDCG5 = 0.89553 | NDCG10 = 0.90234

>>> Dev Epoch: [63 / 100]
Validation Epoch 63 -- Loss: 2.63824 | MRR = 0.78108 | TOP1 = 0.70249 | TOP5 = 0.87632 | TOP10 = 0.91670 | NDCG1 = 0.70346 | NDCG5 = 0.79907 | NDCG10 = 0.81209
!!! Updated: 
MRR = 0.78108
TOP1 = 0.70249
TOP5 = 0.87632
TOP10 = 0.91670
NDCG1 = 0.70346
NDCG5 = 0.79907
NDCG10 = 0.81209


>>> Train Epoch: [64 / 100]
[train-64] step: [1000 / 1106] | loss = 2.21698 | MRR = 0.87979 | TOP1 = 0.82073 | TOP5 = 0.95308 | TOP10 = 0.97369 | NDCG1 = 0.82073 | NDCG5 = 0.89532 | NDCG10 = 0.90205
Training Epoch 64 -- Loss: 2.21710 | MRR = 0.87979 | TOP1 = 0.82062 | TOP5 = 0.95321 | TOP10 = 0.97365 | NDCG1 = 0.82062 | NDCG5 = 0.89537 | NDCG10 = 0.90205

>>> Dev Epoch: [64 / 100]
Validation Epoch 64 -- Loss: 2.63919 | MRR = 0.78066 | TOP1 = 0.70204 | TOP5 = 0.87683 | TOP10 = 0.91606 | NDCG1 = 0.70281 | NDCG5 = 0.79887 | NDCG10 = 0.81149

>>> Train Epoch: [65 / 100]
[train-65] step: [1000 / 1106] | loss = 2.21667 | MRR = 0.88064 | TOP1 = 0.82180 | TOP5 = 0.95317 | TOP10 = 0.97388 | NDCG1 = 0.82180 | NDCG5 = 0.89595 | NDCG10 = 0.90274
Training Epoch 65 -- Loss: 2.21690 | MRR = 0.88032 | TOP1 = 0.82136 | TOP5 = 0.95300 | TOP10 = 0.97354 | NDCG1 = 0.82136 | NDCG5 = 0.89568 | NDCG10 = 0.90240

>>> Dev Epoch: [65 / 100]
Validation Epoch 65 -- Loss: 2.63809 | MRR = 0.78136 | TOP1 = 0.70275 | TOP5 = 0.87541 | TOP10 = 0.91645 | NDCG1 = 0.70352 | NDCG5 = 0.79896 | NDCG10 = 0.81217
!!! Updated: 
MRR = 0.78136
TOP1 = 0.70275
TOP5 = 0.87541
TOP10 = 0.91645
NDCG1 = 0.70352
NDCG5 = 0.79896
NDCG10 = 0.81217


>>> Train Epoch: [66 / 100]
[train-66] step: [1000 / 1106] | loss = 2.21783 | MRR = 0.88014 | TOP1 = 0.82070 | TOP5 = 0.95353 | TOP10 = 0.97374 | NDCG1 = 0.82070 | NDCG5 = 0.89575 | NDCG10 = 0.90235
Training Epoch 66 -- Loss: 2.21768 | MRR = 0.88013 | TOP1 = 0.82071 | TOP5 = 0.95349 | TOP10 = 0.97371 | NDCG1 = 0.82071 | NDCG5 = 0.89572 | NDCG10 = 0.90233

>>> Dev Epoch: [66 / 100]
Validation Epoch 66 -- Loss: 2.63175 | MRR = 0.78137 | TOP1 = 0.70326 | TOP5 = 0.87690 | TOP10 = 0.91670 | NDCG1 = 0.70436 | NDCG5 = 0.79946 | NDCG10 = 0.81232
!!! Updated: 
MRR = 0.78137
TOP1 = 0.70326
TOP5 = 0.87690
TOP10 = 0.91670
NDCG1 = 0.70436
NDCG5 = 0.79946
NDCG10 = 0.81232


>>> Train Epoch: [67 / 100]
[train-67] step: [1000 / 1106] | loss = 2.21484 | MRR = 0.88063 | TOP1 = 0.82148 | TOP5 = 0.95350 | TOP10 = 0.97434 | NDCG1 = 0.82148 | NDCG5 = 0.89607 | NDCG10 = 0.90287
Training Epoch 67 -- Loss: 2.21493 | MRR = 0.88071 | TOP1 = 0.82162 | TOP5 = 0.95352 | TOP10 = 0.97426 | NDCG1 = 0.82162 | NDCG5 = 0.89615 | NDCG10 = 0.90292

>>> Dev Epoch: [67 / 100]
Validation Epoch 67 -- Loss: 2.63238 | MRR = 0.78067 | TOP1 = 0.70178 | TOP5 = 0.87528 | TOP10 = 0.91580 | NDCG1 = 0.70262 | NDCG5 = 0.79832 | NDCG10 = 0.81141

>>> Train Epoch: [68 / 100]
[train-68] step: [1000 / 1106] | loss = 2.21241 | MRR = 0.88054 | TOP1 = 0.82175 | TOP5 = 0.95301 | TOP10 = 0.97390 | NDCG1 = 0.82175 | NDCG5 = 0.89585 | NDCG10 = 0.90267
Training Epoch 68 -- Loss: 2.21237 | MRR = 0.88043 | TOP1 = 0.82149 | TOP5 = 0.95306 | TOP10 = 0.97399 | NDCG1 = 0.82149 | NDCG5 = 0.89577 | NDCG10 = 0.90261

>>> Dev Epoch: [68 / 100]
Validation Epoch 68 -- Loss: 2.63596 | MRR = 0.78006 | TOP1 = 0.70113 | TOP5 = 0.87683 | TOP10 = 0.91599 | NDCG1 = 0.70204 | NDCG5 = 0.79854 | NDCG10 = 0.81109

>>> Train Epoch: [69 / 100]
[train-69] step: [1000 / 1106] | loss = 2.20722 | MRR = 0.88204 | TOP1 = 0.82361 | TOP5 = 0.95435 | TOP10 = 0.97423 | NDCG1 = 0.82361 | NDCG5 = 0.89740 | NDCG10 = 0.90391
Training Epoch 69 -- Loss: 2.20703 | MRR = 0.88210 | TOP1 = 0.82378 | TOP5 = 0.95426 | TOP10 = 0.97421 | NDCG1 = 0.82378 | NDCG5 = 0.89742 | NDCG10 = 0.90395

>>> Dev Epoch: [69 / 100]
Validation Epoch 69 -- Loss: 2.63040 | MRR = 0.78124 | TOP1 = 0.70281 | TOP5 = 0.87554 | TOP10 = 0.91638 | NDCG1 = 0.70378 | NDCG5 = 0.79895 | NDCG10 = 0.81218

>>> Train Epoch: [70 / 100]
[train-70] step: [1000 / 1106] | loss = 2.20235 | MRR = 0.88289 | TOP1 = 0.82464 | TOP5 = 0.95455 | TOP10 = 0.97457 | NDCG1 = 0.82464 | NDCG5 = 0.89810 | NDCG10 = 0.90465
Training Epoch 70 -- Loss: 2.20352 | MRR = 0.88257 | TOP1 = 0.82430 | TOP5 = 0.95423 | TOP10 = 0.97443 | NDCG1 = 0.82430 | NDCG5 = 0.89775 | NDCG10 = 0.90437

>>> Dev Epoch: [70 / 100]
Validation Epoch 70 -- Loss: 2.63227 | MRR = 0.78179 | TOP1 = 0.70352 | TOP5 = 0.87716 | TOP10 = 0.91632 | NDCG1 = 0.70436 | NDCG5 = 0.79998 | NDCG10 = 0.81250
!!! Updated: 
MRR = 0.78179
TOP1 = 0.70352
TOP5 = 0.87716
TOP10 = 0.91632
NDCG1 = 0.70436
NDCG5 = 0.79998
NDCG10 = 0.81250


>>> Train Epoch: [71 / 100]
[train-71] step: [1000 / 1106] | loss = 2.20189 | MRR = 0.88291 | TOP1 = 0.82500 | TOP5 = 0.95438 | TOP10 = 0.97435 | NDCG1 = 0.82500 | NDCG5 = 0.89807 | NDCG10 = 0.90460
Training Epoch 71 -- Loss: 2.20207 | MRR = 0.88285 | TOP1 = 0.82488 | TOP5 = 0.95441 | TOP10 = 0.97449 | NDCG1 = 0.82488 | NDCG5 = 0.89803 | NDCG10 = 0.90459

>>> Dev Epoch: [71 / 100]
Validation Epoch 71 -- Loss: 2.62676 | MRR = 0.78178 | TOP1 = 0.70333 | TOP5 = 0.87716 | TOP10 = 0.91664 | NDCG1 = 0.70410 | NDCG5 = 0.79990 | NDCG10 = 0.81259

>>> Train Epoch: [72 / 100]
[train-72] step: [1000 / 1106] | loss = 2.20346 | MRR = 0.88341 | TOP1 = 0.82564 | TOP5 = 0.95470 | TOP10 = 0.97469 | NDCG1 = 0.82564 | NDCG5 = 0.89852 | NDCG10 = 0.90506
Training Epoch 72 -- Loss: 2.20474 | MRR = 0.88312 | TOP1 = 0.82531 | TOP5 = 0.95453 | TOP10 = 0.97451 | NDCG1 = 0.82531 | NDCG5 = 0.89826 | NDCG10 = 0.90480

>>> Dev Epoch: [72 / 100]
Validation Epoch 72 -- Loss: 2.62808 | MRR = 0.78260 | TOP1 = 0.70475 | TOP5 = 0.87658 | TOP10 = 0.91632 | NDCG1 = 0.70565 | NDCG5 = 0.80038 | NDCG10 = 0.81311
!!! Updated: 
MRR = 0.78260
TOP1 = 0.70475
TOP5 = 0.87658
TOP10 = 0.91632
NDCG1 = 0.70565
NDCG5 = 0.80038
NDCG10 = 0.81311


>>> Train Epoch: [73 / 100]
[train-73] step: [1000 / 1106] | loss = 2.20110 | MRR = 0.88310 | TOP1 = 0.82499 | TOP5 = 0.95473 | TOP10 = 0.97458 | NDCG1 = 0.82499 | NDCG5 = 0.89832 | NDCG10 = 0.90481
Training Epoch 73 -- Loss: 2.20121 | MRR = 0.88299 | TOP1 = 0.82485 | TOP5 = 0.95464 | TOP10 = 0.97453 | NDCG1 = 0.82485 | NDCG5 = 0.89821 | NDCG10 = 0.90471

>>> Dev Epoch: [73 / 100]
Validation Epoch 73 -- Loss: 2.62660 | MRR = 0.78278 | TOP1 = 0.70533 | TOP5 = 0.87683 | TOP10 = 0.91742 | NDCG1 = 0.70637 | NDCG5 = 0.80054 | NDCG10 = 0.81357
!!! Updated: 
MRR = 0.78278
TOP1 = 0.70533
TOP5 = 0.87683
TOP10 = 0.91742
NDCG1 = 0.70637
NDCG5 = 0.80054
NDCG10 = 0.81357


>>> Train Epoch: [74 / 100]
[train-74] step: [1000 / 1106] | loss = 2.20055 | MRR = 0.88313 | TOP1 = 0.82502 | TOP5 = 0.95488 | TOP10 = 0.97466 | NDCG1 = 0.82502 | NDCG5 = 0.89840 | NDCG10 = 0.90486
Training Epoch 74 -- Loss: 2.20062 | MRR = 0.88310 | TOP1 = 0.82499 | TOP5 = 0.95489 | TOP10 = 0.97469 | NDCG1 = 0.82499 | NDCG5 = 0.89838 | NDCG10 = 0.90485

>>> Dev Epoch: [74 / 100]
Validation Epoch 74 -- Loss: 2.63432 | MRR = 0.78282 | TOP1 = 0.70546 | TOP5 = 0.87709 | TOP10 = 0.91561 | NDCG1 = 0.70624 | NDCG5 = 0.80061 | NDCG10 = 0.81298
!!! Updated: 
MRR = 0.78282
TOP1 = 0.70546
TOP5 = 0.87709
TOP10 = 0.91561
NDCG1 = 0.70624
NDCG5 = 0.80061
NDCG10 = 0.81298


>>> Train Epoch: [75 / 100]
[train-75] step: [1000 / 1106] | loss = 2.20109 | MRR = 0.88379 | TOP1 = 0.82599 | TOP5 = 0.95491 | TOP10 = 0.97494 | NDCG1 = 0.82599 | NDCG5 = 0.89888 | NDCG10 = 0.90543
Training Epoch 75 -- Loss: 2.19995 | MRR = 0.88367 | TOP1 = 0.82580 | TOP5 = 0.95483 | TOP10 = 0.97482 | NDCG1 = 0.82580 | NDCG5 = 0.89877 | NDCG10 = 0.90530

>>> Dev Epoch: [75 / 100]
Validation Epoch 75 -- Loss: 2.63132 | MRR = 0.78304 | TOP1 = 0.70591 | TOP5 = 0.87670 | TOP10 = 0.91677 | NDCG1 = 0.70695 | NDCG5 = 0.80069 | NDCG10 = 0.81358
!!! Updated: 
MRR = 0.78304
TOP1 = 0.70591
TOP5 = 0.87670
TOP10 = 0.91677
NDCG1 = 0.70695
NDCG5 = 0.80069
NDCG10 = 0.81358


>>> Train Epoch: [76 / 100]
[train-76] step: [1000 / 1106] | loss = 2.19826 | MRR = 0.88375 | TOP1 = 0.82584 | TOP5 = 0.95520 | TOP10 = 0.97475 | NDCG1 = 0.82584 | NDCG5 = 0.89896 | NDCG10 = 0.90535
Training Epoch 76 -- Loss: 2.19854 | MRR = 0.88363 | TOP1 = 0.82566 | TOP5 = 0.95516 | TOP10 = 0.97483 | NDCG1 = 0.82566 | NDCG5 = 0.89886 | NDCG10 = 0.90529

>>> Dev Epoch: [76 / 100]
Validation Epoch 76 -- Loss: 2.63432 | MRR = 0.78311 | TOP1 = 0.70546 | TOP5 = 0.87729 | TOP10 = 0.91619 | NDCG1 = 0.70637 | NDCG5 = 0.80094 | NDCG10 = 0.81355
!!! Updated: 
MRR = 0.78311
TOP1 = 0.70546
TOP5 = 0.87729
TOP10 = 0.91619
NDCG1 = 0.70637
NDCG5 = 0.80094
NDCG10 = 0.81355


>>> Train Epoch: [77 / 100]
[train-77] step: [1000 / 1106] | loss = 2.20290 | MRR = 0.88408 | TOP1 = 0.82653 | TOP5 = 0.95520 | TOP10 = 0.97478 | NDCG1 = 0.82653 | NDCG5 = 0.89920 | NDCG10 = 0.90560
Training Epoch 77 -- Loss: 2.20226 | MRR = 0.88387 | TOP1 = 0.82618 | TOP5 = 0.95514 | TOP10 = 0.97481 | NDCG1 = 0.82618 | NDCG5 = 0.89902 | NDCG10 = 0.90546

>>> Dev Epoch: [77 / 100]
Validation Epoch 77 -- Loss: 2.63965 | MRR = 0.78249 | TOP1 = 0.70507 | TOP5 = 0.87703 | TOP10 = 0.91612 | NDCG1 = 0.70591 | NDCG5 = 0.80032 | NDCG10 = 0.81291

>>> Train Epoch: [78 / 100]
[train-78] step: [1000 / 1106] | loss = 2.19754 | MRR = 0.88400 | TOP1 = 0.82641 | TOP5 = 0.95529 | TOP10 = 0.97489 | NDCG1 = 0.82641 | NDCG5 = 0.89916 | NDCG10 = 0.90558
Training Epoch 78 -- Loss: 2.19770 | MRR = 0.88402 | TOP1 = 0.82637 | TOP5 = 0.95531 | TOP10 = 0.97484 | NDCG1 = 0.82637 | NDCG5 = 0.89920 | NDCG10 = 0.90558

>>> Dev Epoch: [78 / 100]
Validation Epoch 78 -- Loss: 2.63601 | MRR = 0.78290 | TOP1 = 0.70553 | TOP5 = 0.87780 | TOP10 = 0.91619 | NDCG1 = 0.70649 | NDCG5 = 0.80094 | NDCG10 = 0.81330

>>> Train Epoch: [79 / 100]
[train-79] step: [1000 / 1106] | loss = 2.19625 | MRR = 0.88428 | TOP1 = 0.82688 | TOP5 = 0.95497 | TOP10 = 0.97480 | NDCG1 = 0.82688 | NDCG5 = 0.89926 | NDCG10 = 0.90576
Training Epoch 79 -- Loss: 2.19545 | MRR = 0.88450 | TOP1 = 0.82713 | TOP5 = 0.95520 | TOP10 = 0.97504 | NDCG1 = 0.82713 | NDCG5 = 0.89949 | NDCG10 = 0.90599

>>> Dev Epoch: [79 / 100]
Validation Epoch 79 -- Loss: 2.64008 | MRR = 0.78222 | TOP1 = 0.70436 | TOP5 = 0.87742 | TOP10 = 0.91651 | NDCG1 = 0.70514 | NDCG5 = 0.80028 | NDCG10 = 0.81284

>>> Train Epoch: [80 / 100]
[train-80] step: [1000 / 1106] | loss = 2.19431 | MRR = 0.88453 | TOP1 = 0.82716 | TOP5 = 0.95534 | TOP10 = 0.97528 | NDCG1 = 0.82716 | NDCG5 = 0.89955 | NDCG10 = 0.90608
Training Epoch 80 -- Loss: 2.19444 | MRR = 0.88429 | TOP1 = 0.82689 | TOP5 = 0.95509 | TOP10 = 0.97512 | NDCG1 = 0.82689 | NDCG5 = 0.89929 | NDCG10 = 0.90585

>>> Dev Epoch: [80 / 100]
Validation Epoch 80 -- Loss: 2.63444 | MRR = 0.78235 | TOP1 = 0.70430 | TOP5 = 0.87632 | TOP10 = 0.91651 | NDCG1 = 0.70520 | NDCG5 = 0.80007 | NDCG10 = 0.81302

>>> Train Epoch: [81 / 100]
[train-81] step: [1000 / 1106] | loss = 2.19271 | MRR = 0.88518 | TOP1 = 0.82804 | TOP5 = 0.95580 | TOP10 = 0.97535 | NDCG1 = 0.82804 | NDCG5 = 0.90019 | NDCG10 = 0.90659
Training Epoch 81 -- Loss: 2.19563 | MRR = 0.88454 | TOP1 = 0.82719 | TOP5 = 0.95546 | TOP10 = 0.97508 | NDCG1 = 0.82719 | NDCG5 = 0.89961 | NDCG10 = 0.90603

>>> Dev Epoch: [81 / 100]
Validation Epoch 81 -- Loss: 2.63266 | MRR = 0.78296 | TOP1 = 0.70501 | TOP5 = 0.87742 | TOP10 = 0.91742 | NDCG1 = 0.70611 | NDCG5 = 0.80095 | NDCG10 = 0.81379

>>> Train Epoch: [82 / 100]
[train-82] step: [1000 / 1106] | loss = 2.19007 | MRR = 0.88572 | TOP1 = 0.82877 | TOP5 = 0.95591 | TOP10 = 0.97537 | NDCG1 = 0.82877 | NDCG5 = 0.90065 | NDCG10 = 0.90701
Training Epoch 82 -- Loss: 2.19078 | MRR = 0.88543 | TOP1 = 0.82841 | TOP5 = 0.95563 | TOP10 = 0.97521 | NDCG1 = 0.82841 | NDCG5 = 0.90033 | NDCG10 = 0.90674

>>> Dev Epoch: [82 / 100]
Validation Epoch 82 -- Loss: 2.63435 | MRR = 0.78282 | TOP1 = 0.70488 | TOP5 = 0.87800 | TOP10 = 0.91729 | NDCG1 = 0.70591 | NDCG5 = 0.80104 | NDCG10 = 0.81358

>>> Train Epoch: [83 / 100]
[train-83] step: [1000 / 1106] | loss = 2.19166 | MRR = 0.88535 | TOP1 = 0.82779 | TOP5 = 0.95627 | TOP10 = 0.97569 | NDCG1 = 0.82779 | NDCG5 = 0.90049 | NDCG10 = 0.90684
Training Epoch 83 -- Loss: 2.19117 | MRR = 0.88526 | TOP1 = 0.82783 | TOP5 = 0.95599 | TOP10 = 0.97543 | NDCG1 = 0.82783 | NDCG5 = 0.90034 | NDCG10 = 0.90670

>>> Dev Epoch: [83 / 100]
Validation Epoch 83 -- Loss: 2.63446 | MRR = 0.78321 | TOP1 = 0.70559 | TOP5 = 0.87709 | TOP10 = 0.91780 | NDCG1 = 0.70669 | NDCG5 = 0.80108 | NDCG10 = 0.81411
!!! Updated: 
MRR = 0.78321
TOP1 = 0.70559
TOP5 = 0.87709
TOP10 = 0.91780
NDCG1 = 0.70669
NDCG5 = 0.80108
NDCG10 = 0.81411


>>> Train Epoch: [84 / 100]
[train-84] step: [1000 / 1106] | loss = 2.18914 | MRR = 0.88585 | TOP1 = 0.82892 | TOP5 = 0.95623 | TOP10 = 0.97551 | NDCG1 = 0.82892 | NDCG5 = 0.90083 | NDCG10 = 0.90714
Training Epoch 84 -- Loss: 2.19113 | MRR = 0.88531 | TOP1 = 0.82819 | TOP5 = 0.95598 | TOP10 = 0.97533 | NDCG1 = 0.82819 | NDCG5 = 0.90035 | NDCG10 = 0.90668

>>> Dev Epoch: [84 / 100]
Validation Epoch 84 -- Loss: 2.63387 | MRR = 0.78247 | TOP1 = 0.70430 | TOP5 = 0.87748 | TOP10 = 0.91748 | NDCG1 = 0.70540 | NDCG5 = 0.80061 | NDCG10 = 0.81340

>>> Train Epoch: [85 / 100]
[train-85] step: [1000 / 1106] | loss = 2.19217 | MRR = 0.88523 | TOP1 = 0.82794 | TOP5 = 0.95586 | TOP10 = 0.97509 | NDCG1 = 0.82794 | NDCG5 = 0.90030 | NDCG10 = 0.90657
Training Epoch 85 -- Loss: 2.19146 | MRR = 0.88542 | TOP1 = 0.82827 | TOP5 = 0.95583 | TOP10 = 0.97519 | NDCG1 = 0.82827 | NDCG5 = 0.90041 | NDCG10 = 0.90674

>>> Dev Epoch: [85 / 100]
Validation Epoch 85 -- Loss: 2.63817 | MRR = 0.78286 | TOP1 = 0.70494 | TOP5 = 0.87703 | TOP10 = 0.91709 | NDCG1 = 0.70598 | NDCG5 = 0.80061 | NDCG10 = 0.81354

>>> Train Epoch: [86 / 100]
[train-86] step: [1000 / 1106] | loss = 2.19312 | MRR = 0.88514 | TOP1 = 0.82788 | TOP5 = 0.95548 | TOP10 = 0.97510 | NDCG1 = 0.82788 | NDCG5 = 0.90007 | NDCG10 = 0.90650
Training Epoch 86 -- Loss: 2.19286 | MRR = 0.88540 | TOP1 = 0.82829 | TOP5 = 0.95559 | TOP10 = 0.97510 | NDCG1 = 0.82829 | NDCG5 = 0.90030 | NDCG10 = 0.90669

>>> Dev Epoch: [86 / 100]
Validation Epoch 86 -- Loss: 2.63836 | MRR = 0.78286 | TOP1 = 0.70501 | TOP5 = 0.87793 | TOP10 = 0.91690 | NDCG1 = 0.70604 | NDCG5 = 0.80104 | NDCG10 = 0.81352

>>> Train Epoch: [87 / 100]
[train-87] step: [1000 / 1106] | loss = 2.19313 | MRR = 0.88567 | TOP1 = 0.82906 | TOP5 = 0.95561 | TOP10 = 0.97511 | NDCG1 = 0.82906 | NDCG5 = 0.90050 | NDCG10 = 0.90689
Training Epoch 87 -- Loss: 2.19212 | MRR = 0.88583 | TOP1 = 0.82921 | TOP5 = 0.95577 | TOP10 = 0.97522 | NDCG1 = 0.82921 | NDCG5 = 0.90067 | NDCG10 = 0.90704

>>> Dev Epoch: [87 / 100]
Validation Epoch 87 -- Loss: 2.63782 | MRR = 0.78331 | TOP1 = 0.70559 | TOP5 = 0.87787 | TOP10 = 0.91703 | NDCG1 = 0.70643 | NDCG5 = 0.80130 | NDCG10 = 0.81382
!!! Updated: 
MRR = 0.78331
TOP1 = 0.70559
TOP5 = 0.87787
TOP10 = 0.91703
NDCG1 = 0.70643
NDCG5 = 0.80130
NDCG10 = 0.81382


>>> Train Epoch: [88 / 100]
[train-88] step: [1000 / 1106] | loss = 2.20223 | MRR = 0.88522 | TOP1 = 0.82819 | TOP5 = 0.95616 | TOP10 = 0.97520 | NDCG1 = 0.82819 | NDCG5 = 0.90036 | NDCG10 = 0.90658
Training Epoch 88 -- Loss: 2.20100 | MRR = 0.88503 | TOP1 = 0.82782 | TOP5 = 0.95627 | TOP10 = 0.97531 | NDCG1 = 0.82782 | NDCG5 = 0.90025 | NDCG10 = 0.90647

>>> Dev Epoch: [88 / 100]
Validation Epoch 88 -- Loss: 2.63937 | MRR = 0.78306 | TOP1 = 0.70514 | TOP5 = 0.87787 | TOP10 = 0.91716 | NDCG1 = 0.70611 | NDCG5 = 0.80108 | NDCG10 = 0.81370

>>> Train Epoch: [89 / 100]
[train-89] step: [1000 / 1106] | loss = 2.19656 | MRR = 0.88564 | TOP1 = 0.82866 | TOP5 = 0.95599 | TOP10 = 0.97563 | NDCG1 = 0.82866 | NDCG5 = 0.90059 | NDCG10 = 0.90702
Training Epoch 89 -- Loss: 2.19578 | MRR = 0.88577 | TOP1 = 0.82886 | TOP5 = 0.95605 | TOP10 = 0.97559 | NDCG1 = 0.82886 | NDCG5 = 0.90072 | NDCG10 = 0.90710

>>> Dev Epoch: [89 / 100]
Validation Epoch 89 -- Loss: 2.63708 | MRR = 0.78322 | TOP1 = 0.70553 | TOP5 = 0.87722 | TOP10 = 0.91729 | NDCG1 = 0.70649 | NDCG5 = 0.80090 | NDCG10 = 0.81382

>>> Train Epoch: [90 / 100]
[train-90] step: [1000 / 1106] | loss = 2.18918 | MRR = 0.88546 | TOP1 = 0.82839 | TOP5 = 0.95566 | TOP10 = 0.97524 | NDCG1 = 0.82839 | NDCG5 = 0.90037 | NDCG10 = 0.90677
Training Epoch 90 -- Loss: 2.18961 | MRR = 0.88552 | TOP1 = 0.82843 | TOP5 = 0.95573 | TOP10 = 0.97523 | NDCG1 = 0.82843 | NDCG5 = 0.90044 | NDCG10 = 0.90681

>>> Dev Epoch: [90 / 100]
Validation Epoch 90 -- Loss: 2.63851 | MRR = 0.78312 | TOP1 = 0.70527 | TOP5 = 0.87774 | TOP10 = 0.91709 | NDCG1 = 0.70611 | NDCG5 = 0.80109 | NDCG10 = 0.81368

>>> Train Epoch: [91 / 100]
[train-91] step: [1000 / 1106] | loss = 2.19042 | MRR = 0.88540 | TOP1 = 0.82816 | TOP5 = 0.95603 | TOP10 = 0.97551 | NDCG1 = 0.82816 | NDCG5 = 0.90042 | NDCG10 = 0.90681
Training Epoch 91 -- Loss: 2.19174 | MRR = 0.88529 | TOP1 = 0.82802 | TOP5 = 0.95606 | TOP10 = 0.97543 | NDCG1 = 0.82802 | NDCG5 = 0.90036 | NDCG10 = 0.90671

>>> Dev Epoch: [91 / 100]
Validation Epoch 91 -- Loss: 2.63782 | MRR = 0.78302 | TOP1 = 0.70514 | TOP5 = 0.87729 | TOP10 = 0.91703 | NDCG1 = 0.70604 | NDCG5 = 0.80091 | NDCG10 = 0.81368

>>> Train Epoch: [92 / 100]
[train-92] step: [1000 / 1106] | loss = 2.18958 | MRR = 0.88531 | TOP1 = 0.82809 | TOP5 = 0.95587 | TOP10 = 0.97524 | NDCG1 = 0.82809 | NDCG5 = 0.90033 | NDCG10 = 0.90668
Training Epoch 92 -- Loss: 2.18949 | MRR = 0.88535 | TOP1 = 0.82804 | TOP5 = 0.95605 | TOP10 = 0.97536 | NDCG1 = 0.82804 | NDCG5 = 0.90041 | NDCG10 = 0.90674

>>> Dev Epoch: [92 / 100]
Validation Epoch 92 -- Loss: 2.63715 | MRR = 0.78302 | TOP1 = 0.70520 | TOP5 = 0.87754 | TOP10 = 0.91716 | NDCG1 = 0.70598 | NDCG5 = 0.80086 | NDCG10 = 0.81359

>>> Train Epoch: [93 / 100]
[train-93] step: [1000 / 1106] | loss = 2.18899 | MRR = 0.88539 | TOP1 = 0.82804 | TOP5 = 0.95656 | TOP10 = 0.97543 | NDCG1 = 0.82804 | NDCG5 = 0.90061 | NDCG10 = 0.90679
Training Epoch 93 -- Loss: 2.18976 | MRR = 0.88513 | TOP1 = 0.82779 | TOP5 = 0.95622 | TOP10 = 0.97519 | NDCG1 = 0.82779 | NDCG5 = 0.90032 | NDCG10 = 0.90652

>>> Dev Epoch: [93 / 100]
Validation Epoch 93 -- Loss: 2.63737 | MRR = 0.78330 | TOP1 = 0.70572 | TOP5 = 0.87748 | TOP10 = 0.91716 | NDCG1 = 0.70649 | NDCG5 = 0.80105 | NDCG10 = 0.81385

>>> Train Epoch: [94 / 100]
[train-94] step: [1000 / 1106] | loss = 2.18969 | MRR = 0.88585 | TOP1 = 0.82886 | TOP5 = 0.95636 | TOP10 = 0.97554 | NDCG1 = 0.82886 | NDCG5 = 0.90087 | NDCG10 = 0.90715
Training Epoch 94 -- Loss: 2.18921 | MRR = 0.88575 | TOP1 = 0.82877 | TOP5 = 0.95620 | TOP10 = 0.97547 | NDCG1 = 0.82877 | NDCG5 = 0.90075 | NDCG10 = 0.90705

>>> Dev Epoch: [94 / 100]
Validation Epoch 94 -- Loss: 2.63746 | MRR = 0.78337 | TOP1 = 0.70578 | TOP5 = 0.87761 | TOP10 = 0.91722 | NDCG1 = 0.70662 | NDCG5 = 0.80122 | NDCG10 = 0.81394
!!! Updated: 
MRR = 0.78337
TOP1 = 0.70578
TOP5 = 0.87761
TOP10 = 0.91722
NDCG1 = 0.70662
NDCG5 = 0.80122
NDCG10 = 0.81394


>>> Train Epoch: [95 / 100]
[train-95] step: [1000 / 1106] | loss = 2.18891 | MRR = 0.88616 | TOP1 = 0.82926 | TOP5 = 0.95645 | TOP10 = 0.97562 | NDCG1 = 0.82926 | NDCG5 = 0.90115 | NDCG10 = 0.90741
Training Epoch 95 -- Loss: 2.19005 | MRR = 0.88568 | TOP1 = 0.82866 | TOP5 = 0.95620 | TOP10 = 0.97545 | NDCG1 = 0.82866 | NDCG5 = 0.90071 | NDCG10 = 0.90700

>>> Dev Epoch: [95 / 100]
Validation Epoch 95 -- Loss: 2.63740 | MRR = 0.78332 | TOP1 = 0.70585 | TOP5 = 0.87774 | TOP10 = 0.91748 | NDCG1 = 0.70675 | NDCG5 = 0.80116 | NDCG10 = 0.81393

>>> Train Epoch: [96 / 100]
[train-96] step: [1000 / 1106] | loss = 2.19093 | MRR = 0.88560 | TOP1 = 0.82867 | TOP5 = 0.95558 | TOP10 = 0.97523 | NDCG1 = 0.82867 | NDCG5 = 0.90045 | NDCG10 = 0.90687
Training Epoch 96 -- Loss: 2.19022 | MRR = 0.88594 | TOP1 = 0.82914 | TOP5 = 0.95580 | TOP10 = 0.97537 | NDCG1 = 0.82914 | NDCG5 = 0.90076 | NDCG10 = 0.90717

>>> Dev Epoch: [96 / 100]
Validation Epoch 96 -- Loss: 2.63740 | MRR = 0.78343 | TOP1 = 0.70591 | TOP5 = 0.87735 | TOP10 = 0.91729 | NDCG1 = 0.70669 | NDCG5 = 0.80107 | NDCG10 = 0.81390
!!! Updated: 
MRR = 0.78343
TOP1 = 0.70591
TOP5 = 0.87735
TOP10 = 0.91729
NDCG1 = 0.70669
NDCG5 = 0.80107
NDCG10 = 0.81390


>>> Train Epoch: [97 / 100]
[train-97] step: [1000 / 1106] | loss = 2.18737 | MRR = 0.88559 | TOP1 = 0.82846 | TOP5 = 0.95613 | TOP10 = 0.97544 | NDCG1 = 0.82846 | NDCG5 = 0.90061 | NDCG10 = 0.90693
Training Epoch 97 -- Loss: 2.18894 | MRR = 0.88528 | TOP1 = 0.82810 | TOP5 = 0.95595 | TOP10 = 0.97532 | NDCG1 = 0.82810 | NDCG5 = 0.90033 | NDCG10 = 0.90666

>>> Dev Epoch: [97 / 100]
Validation Epoch 97 -- Loss: 2.63669 | MRR = 0.78354 | TOP1 = 0.70604 | TOP5 = 0.87754 | TOP10 = 0.91709 | NDCG1 = 0.70695 | NDCG5 = 0.80132 | NDCG10 = 0.81403
!!! Updated: 
MRR = 0.78354
TOP1 = 0.70604
TOP5 = 0.87754
TOP10 = 0.91709
NDCG1 = 0.70695
NDCG5 = 0.80132
NDCG10 = 0.81403


>>> Train Epoch: [98 / 100]
[train-98] step: [1000 / 1106] | loss = 2.19227 | MRR = 0.88593 | TOP1 = 0.82916 | TOP5 = 0.95613 | TOP10 = 0.97521 | NDCG1 = 0.82916 | NDCG5 = 0.90088 | NDCG10 = 0.90711
Training Epoch 98 -- Loss: 2.19205 | MRR = 0.88585 | TOP1 = 0.82897 | TOP5 = 0.95613 | TOP10 = 0.97533 | NDCG1 = 0.82897 | NDCG5 = 0.90081 | NDCG10 = 0.90708

>>> Dev Epoch: [98 / 100]
Validation Epoch 98 -- Loss: 2.63674 | MRR = 0.78350 | TOP1 = 0.70604 | TOP5 = 0.87754 | TOP10 = 0.91703 | NDCG1 = 0.70701 | NDCG5 = 0.80135 | NDCG10 = 0.81403

>>> Train Epoch: [99 / 100]
[train-99] step: [1000 / 1106] | loss = 2.19082 | MRR = 0.88594 | TOP1 = 0.82932 | TOP5 = 0.95575 | TOP10 = 0.97518 | NDCG1 = 0.82932 | NDCG5 = 0.90075 | NDCG10 = 0.90711
Training Epoch 99 -- Loss: 2.18883 | MRR = 0.88617 | TOP1 = 0.82957 | TOP5 = 0.95599 | TOP10 = 0.97532 | NDCG1 = 0.82957 | NDCG5 = 0.90101 | NDCG10 = 0.90733

>>> Dev Epoch: [99 / 100]
Validation Epoch 99 -- Loss: 2.63732 | MRR = 0.78332 | TOP1 = 0.70572 | TOP5 = 0.87748 | TOP10 = 0.91722 | NDCG1 = 0.70662 | NDCG5 = 0.80115 | NDCG10 = 0.81392

>>> Train Epoch: [100 / 100]
[train-100] step: [1000 / 1106] | loss = 2.18883 | MRR = 0.88556 | TOP1 = 0.82832 | TOP5 = 0.95608 | TOP10 = 0.97550 | NDCG1 = 0.82832 | NDCG5 = 0.90058 | NDCG10 = 0.90693
Training Epoch 100 -- Loss: 2.18848 | MRR = 0.88575 | TOP1 = 0.82861 | TOP5 = 0.95607 | TOP10 = 0.97535 | NDCG1 = 0.82861 | NDCG5 = 0.90073 | NDCG10 = 0.90704

>>> Dev Epoch: [100 / 100]
Validation Epoch 100 -- Loss: 2.63696 | MRR = 0.78333 | TOP1 = 0.70572 | TOP5 = 0.87761 | TOP10 = 0.91683 | NDCG1 = 0.70669 | NDCG5 = 0.80126 | NDCG10 = 0.81385
Test -- Loss: 2.51413 | MRR = 0.80665 | TOP1 = 0.72951 | TOP5 = 0.90220 | TOP10 = 0.93694 | NDCG1 = 0.72984 | NDCG5 = 0.82524 | NDCG10 = 0.83658
